nohup: ignoring input
No normalization for SPS. Feature removed!
No normalization for AvgIpc. Feature removed!
Skipped loading some Tensorflow models, missing a dependency. No module named 'tensorflow'
Skipped loading modules with pytorch-geometric dependency, missing a dependency. No module named 'dgl'
Skipped loading modules with transformers dependency. No module named 'transformers'
cannot import name 'HuggingFaceModel' from 'deepchem.models.torch_models' (/home/xy_th/miniconda3/envs/myenv/lib/python3.8/site-packages/deepchem/models/torch_models/__init__.py)
Skipped loading modules with pytorch-lightning dependency, missing a dependency. No module named 'lightning'
Skipped loading some Jax models, missing a dependency. No module named 'jax'
Skipped loading some PyTorch models, missing a dependency. No module named 'tensorflow'
Epoch: 00000, loss_train: 0.976662, AUC: 0.507924, AUPR: 0.479707, F1: 0.640955, ACC: 0.471871,
Epoch: 00000, loss_val: 0.690839, AUC: 0.506646, AUPR: 0.428255, F1: 0.616273, ACC: 0.447885,
Epoch: 00020, loss_train: 0.832845, AUC: 0.590762, AUPR: 0.555379, F1: 0.641468, ACC: 0.479800,
Epoch: 00020, loss_val: 0.731449, AUC: 0.563843, AUPR: 0.474389, F1: 0.619778, ACC: 0.456949,
Epoch: 00040, loss_train: 0.777604, AUC: 0.643540, AUPR: 0.608506, F1: 0.650969, ACC: 0.541061,
Epoch: 00040, loss_val: 0.685897, AUC: 0.555745, AUPR: 0.495920, F1: 0.621432, ACC: 0.469033,
Epoch: 00060, loss_train: 0.739364, AUC: 0.684136, AUPR: 0.648152, F1: 0.662485, ACC: 0.583538,
Epoch: 00060, loss_val: 0.774618, AUC: 0.566474, AUPR: 0.496756, F1: 0.615385, ACC: 0.444864,
Epoch: 00080, loss_train: 0.693300, AUC: 0.720749, AUPR: 0.696596, F1: 0.681056, ACC: 0.630357,
Epoch: 00080, loss_val: 0.809636, AUC: 0.621335, AUPR: 0.542075, F1: 0.628429, ACC: 0.549849,
Epoch: 00100, loss_train: 0.683447, AUC: 0.732212, AUPR: 0.708380, F1: 0.685833, ACC: 0.628658,
Epoch: 00100, loss_val: 0.633366, AUC: 0.722775, AUPR: 0.652009, F1: 0.666667, ACC: 0.637462,
Epoch: 00120, loss_train: 0.663067, AUC: 0.750387, AUPR: 0.728494, F1: 0.692244, ACC: 0.647914,
Epoch: 00120, loss_val: 0.514087, AUC: 0.833835, AUPR: 0.819548, F1: 0.732959, ACC: 0.748489,
Epoch: 00140, loss_train: 0.639157, AUC: 0.769321, AUPR: 0.748898, F1: 0.706059, ACC: 0.686332,
Epoch: 00140, loss_val: 0.496638, AUC: 0.845298, AUPR: 0.833040, F1: 0.741990, ACC: 0.768882,
Epoch: 00160, loss_train: 0.632895, AUC: 0.772099, AUPR: 0.757391, F1: 0.702743, ACC: 0.659335,
Epoch: 00160, loss_val: 0.488734, AUC: 0.851803, AUPR: 0.840117, F1: 0.744932, ACC: 0.771903,
Epoch: 00180, loss_train: 0.616307, AUC: 0.782997, AUPR: 0.762587, F1: 0.714286, ACC: 0.680574,
Epoch: 00180, loss_val: 0.476662, AUC: 0.858472, AUPR: 0.846606, F1: 0.755167, ACC: 0.767372,
Epoch: 00200, loss_train: 0.610998, AUC: 0.789872, AUPR: 0.766897, F1: 0.721963, ACC: 0.690863,
Epoch: 00200, loss_val: 0.472565, AUC: 0.861984, AUPR: 0.850954, F1: 0.757017, ACC: 0.771148,
Epoch: 00220, loss_train: 0.601339, AUC: 0.795564, AUPR: 0.776439, F1: 0.726596, ACC: 0.701718,
Epoch: 00220, loss_val: 0.476625, AUC: 0.862860, AUPR: 0.851203, F1: 0.763218, ACC: 0.766616,
Epoch: 00240, loss_train: 0.591557, AUC: 0.800600, AUPR: 0.785164, F1: 0.725544, ACC: 0.697565,
Epoch: 00240, loss_val: 0.465663, AUC: 0.867116, AUPR: 0.853909, F1: 0.764431, ACC: 0.771903,
Epoch: 00260, loss_train: 0.578407, AUC: 0.807366, AUPR: 0.791385, F1: 0.730318, ACC: 0.715783,
Epoch: 00260, loss_val: 0.457348, AUC: 0.872049, AUPR: 0.860777, F1: 0.770106, ACC: 0.786254,
Epoch: 00280, loss_train: 0.573403, AUC: 0.811410, AUPR: 0.793882, F1: 0.733729, ACC: 0.716160,
Epoch: 00280, loss_val: 0.454706, AUC: 0.874328, AUPR: 0.861249, F1: 0.770206, ACC: 0.780967,
Epoch: 00300, loss_train: 0.564622, AUC: 0.816006, AUPR: 0.797353, F1: 0.735297, ACC: 0.729375,
Epoch: 00300, loss_val: 0.448782, AUC: 0.877801, AUPR: 0.864901, F1: 0.776398, ACC: 0.782477,
Epoch: 00320, loss_train: 0.558546, AUC: 0.820332, AUPR: 0.805101, F1: 0.740312, ACC: 0.733056,
Epoch: 00320, loss_val: 0.444603, AUC: 0.881433, AUPR: 0.867987, F1: 0.777867, ACC: 0.790785,
Epoch: 00340, loss_train: 0.548998, AUC: 0.826093, AUPR: 0.811761, F1: 0.745706, ACC: 0.726071,
Epoch: 00340, loss_val: 0.440952, AUC: 0.882963, AUPR: 0.869647, F1: 0.779262, ACC: 0.787764,
Epoch: 00360, loss_train: 0.546665, AUC: 0.827870, AUPR: 0.811490, F1: 0.749433, ACC: 0.739381,
Epoch: 00360, loss_val: 0.440149, AUC: 0.883242, AUPR: 0.869141, F1: 0.778790, ACC: 0.798338,
Epoch: 00380, loss_train: 0.543974, AUC: 0.828375, AUPR: 0.812521, F1: 0.747427, ACC: 0.728998,
Epoch: 00380, loss_val: 0.437259, AUC: 0.885017, AUPR: 0.872196, F1: 0.783719, ACC: 0.795317,
Epoch: 00400, loss_train: 0.537693, AUC: 0.832649, AUPR: 0.816701, F1: 0.749519, ACC: 0.742024,
Epoch: 00400, loss_val: 0.431197, AUC: 0.887494, AUPR: 0.874843, F1: 0.784628, ACC: 0.796828,
Epoch: 00420, loss_train: 0.546827, AUC: 0.828065, AUPR: 0.812485, F1: 0.746277, ACC: 0.728242,
Epoch: 00420, loss_val: 0.429914, AUC: 0.889950, AUPR: 0.875637, F1: 0.783505, ACC: 0.793807,
Epoch: 00440, loss_train: 0.522951, AUC: 0.841082, AUPR: 0.829003, F1: 0.757144, ACC: 0.750519,
Epoch: 00440, loss_val: 0.431478, AUC: 0.889678, AUPR: 0.875316, F1: 0.786260, ACC: 0.788520,
Epoch: 00460, loss_train: 0.517437, AUC: 0.843108, AUPR: 0.830765, F1: 0.757148, ACC: 0.746649,
Epoch: 00460, loss_val: 0.426699, AUC: 0.891984, AUPR: 0.877923, F1: 0.789474, ACC: 0.800604,
Epoch: 00480, loss_train: 0.517224, AUC: 0.843837, AUPR: 0.829459, F1: 0.760233, ACC: 0.747310,
Epoch: 00480, loss_val: 0.424573, AUC: 0.892383, AUPR: 0.877822, F1: 0.790323, ACC: 0.803625,
Epoch: 00500, loss_train: 0.503085, AUC: 0.851670, AUPR: 0.837841, F1: 0.764913, ACC: 0.760430,
Epoch: 00500, loss_val: 0.419146, AUC: 0.894995, AUPR: 0.881330, F1: 0.791903, ACC: 0.805891,
Epoch: 00520, loss_train: 0.511820, AUC: 0.847827, AUPR: 0.829163, F1: 0.767009, ACC: 0.757882,
Epoch: 00520, loss_val: 0.422311, AUC: 0.896046, AUPR: 0.881282, F1: 0.794476, ACC: 0.808912,
Epoch: 00540, loss_train: 0.496185, AUC: 0.853894, AUPR: 0.840780, F1: 0.765380, ACC: 0.748726,
Epoch: 00540, loss_val: 0.416149, AUC: 0.897906, AUPR: 0.883718, F1: 0.795769, ACC: 0.810423,
Epoch: 00560, loss_train: 0.507173, AUC: 0.849829, AUPR: 0.838256, F1: 0.762357, ACC: 0.763545,
Epoch: 00560, loss_val: 0.411766, AUC: 0.899852, AUPR: 0.886131, F1: 0.795181, ACC: 0.807402,
Epoch: 00580, loss_train: 0.492314, AUC: 0.857321, AUPR: 0.848837, F1: 0.768513, ACC: 0.765716,
Epoch: 00580, loss_val: 0.413759, AUC: 0.899914, AUPR: 0.884316, F1: 0.799676, ACC: 0.813444,
Epoch: 00600, loss_train: 0.489293, AUC: 0.860468, AUPR: 0.847318, F1: 0.774477, ACC: 0.777138,
Epoch: 00600, loss_val: 0.411521, AUC: 0.901490, AUPR: 0.886253, F1: 0.800955, ACC: 0.811178,
Epoch: 00620, loss_train: 0.479447, AUC: 0.864890, AUPR: 0.853958, F1: 0.778091, ACC: 0.777421,
Epoch: 00620, loss_val: 0.409616, AUC: 0.902894, AUPR: 0.887705, F1: 0.798444, ACC: 0.804381,
Epoch: 00640, loss_train: 0.466866, AUC: 0.871212, AUPR: 0.859186, F1: 0.783667, ACC: 0.778460,
Epoch: 00640, loss_val: 0.408478, AUC: 0.902955, AUPR: 0.887866, F1: 0.804384, ACC: 0.824773,
Epoch: 00660, loss_train: 0.469888, AUC: 0.869589, AUPR: 0.859816, F1: 0.781865, ACC: 0.778365,
Epoch: 00660, loss_val: 0.404264, AUC: 0.905226, AUPR: 0.890208, F1: 0.804836, ACC: 0.829305,
Epoch: 00680, loss_train: 0.474746, AUC: 0.867053, AUPR: 0.858655, F1: 0.775848, ACC: 0.767321,
Epoch: 00680, loss_val: 0.405360, AUC: 0.905173, AUPR: 0.889673, F1: 0.805488, ACC: 0.817976,
Epoch: 00700, loss_train: 0.466420, AUC: 0.871691, AUPR: 0.863151, F1: 0.781578, ACC: 0.772135,
Epoch: 00700, loss_val: 0.403707, AUC: 0.906047, AUPR: 0.890784, F1: 0.807818, ACC: 0.821752,
Epoch: 00720, loss_train: 0.464863, AUC: 0.872813, AUPR: 0.861643, F1: 0.786216, ACC: 0.775722,
Epoch: 00720, loss_val: 0.400687, AUC: 0.907588, AUPR: 0.891394, F1: 0.808163, ACC: 0.822508,
Epoch: 00740, loss_train: 0.456122, AUC: 0.877101, AUPR: 0.865942, F1: 0.786585, ACC: 0.780159,
Epoch: 00740, loss_val: 0.401519, AUC: 0.908655, AUPR: 0.892706, F1: 0.812292, ACC: 0.829305,
Epoch: 00760, loss_train: 0.459007, AUC: 0.876738, AUPR: 0.864593, F1: 0.790910, ACC: 0.788088,
Epoch: 00760, loss_val: 0.400421, AUC: 0.909314, AUPR: 0.893041, F1: 0.814815, ACC: 0.833837,
Epoch: 00780, loss_train: 0.445345, AUC: 0.882586, AUPR: 0.870443, F1: 0.794508, ACC: 0.790919,
Epoch: 00780, loss_val: 0.400497, AUC: 0.909478, AUPR: 0.893239, F1: 0.812449, ACC: 0.827039,
Epoch: 00800, loss_train: 0.443064, AUC: 0.883945, AUPR: 0.874604, F1: 0.795705, ACC: 0.795261,
Epoch: 00800, loss_val: 0.393394, AUC: 0.911687, AUPR: 0.895559, F1: 0.813916, ACC: 0.826284,
Epoch: 00820, loss_train: 0.430675, AUC: 0.889458, AUPR: 0.882996, F1: 0.799736, ACC: 0.799320,
Epoch: 00820, loss_val: 0.396906, AUC: 0.912540, AUPR: 0.896374, F1: 0.814274, ACC: 0.827039,
Epoch: 00840, loss_train: 0.438133, AUC: 0.886565, AUPR: 0.876907, F1: 0.798664, ACC: 0.800831,
Epoch: 00840, loss_val: 0.402116, AUC: 0.910992, AUPR: 0.894350, F1: 0.812398, ACC: 0.826284,
Epoch: 00860, loss_train: 0.426477, AUC: 0.892203, AUPR: 0.884369, F1: 0.808686, ACC: 0.812063,
Epoch: 00860, loss_val: 0.395665, AUC: 0.913180, AUPR: 0.897627, F1: 0.815422, ACC: 0.830060,
Epoch: 00880, loss_train: 0.428395, AUC: 0.891201, AUPR: 0.883974, F1: 0.800301, ACC: 0.799887,
Epoch: 00880, loss_val: 0.387608, AUC: 0.915298, AUPR: 0.900164, F1: 0.822352, ACC: 0.839124,
Epoch: 00900, loss_train: 0.422692, AUC: 0.894644, AUPR: 0.886714, F1: 0.807700, ACC: 0.807627,
Epoch: 00900, loss_val: 0.391007, AUC: 0.915155, AUPR: 0.898929, F1: 0.820300, ACC: 0.836858,
Epoch: 00920, loss_train: 0.426490, AUC: 0.893442, AUPR: 0.884066, F1: 0.804447, ACC: 0.802435,
Epoch: 00920, loss_val: 0.393410, AUC: 0.915500, AUPR: 0.899615, F1: 0.820513, ACC: 0.836103,
Epoch: 00940, loss_train: 0.417175, AUC: 0.897252, AUPR: 0.889279, F1: 0.805910, ACC: 0.807816,
Epoch: 00940, loss_val: 0.393880, AUC: 0.915426, AUPR: 0.899608, F1: 0.822754, ACC: 0.837613,
Epoch: 00960, loss_train: 0.415905, AUC: 0.898138, AUPR: 0.889281, F1: 0.810070, ACC: 0.807721,
Epoch: 00960, loss_val: 0.392587, AUC: 0.916408, AUPR: 0.900345, F1: 0.820179, ACC: 0.833082,
Epoch: 00980, loss_train: 0.409076, AUC: 0.901188, AUPR: 0.893329, F1: 0.814009, ACC: 0.814518,
Epoch: 00980, loss_val: 0.389262, AUC: 0.917626, AUPR: 0.901219, F1: 0.826159, ACC: 0.841390,
Epoch: 01000, loss_train: 0.409696, AUC: 0.901295, AUPR: 0.891668, F1: 0.813614, ACC: 0.815462,
Epoch: 01000, loss_val: 0.387475, AUC: 0.918342, AUPR: 0.902609, F1: 0.823146, ACC: 0.836103,
Epoch: 01020, loss_train: 0.398678, AUC: 0.905545, AUPR: 0.898381, F1: 0.818014, ACC: 0.823391,
Epoch: 01020, loss_val: 0.385442, AUC: 0.919317, AUPR: 0.903619, F1: 0.830219, ACC: 0.842145,
Epoch: 01040, loss_train: 0.396371, AUC: 0.906673, AUPR: 0.899217, F1: 0.816497, ACC: 0.817727,
Epoch: 01040, loss_val: 0.387534, AUC: 0.919583, AUPR: 0.904483, F1: 0.827141, ACC: 0.838369,
Epoch: 01060, loss_train: 0.398517, AUC: 0.906832, AUPR: 0.898549, F1: 0.820418, ACC: 0.824995,
Epoch: 01060, loss_val: 0.396754, AUC: 0.919654, AUPR: 0.903571, F1: 0.828151, ACC: 0.841390,
Epoch: 01080, loss_train: 0.382343, AUC: 0.912935, AUPR: 0.905263, F1: 0.825110, ACC: 0.828016,
Epoch: 01080, loss_val: 0.397170, AUC: 0.918820, AUPR: 0.901927, F1: 0.823721, ACC: 0.836103,
Epoch: 01100, loss_train: 0.383858, AUC: 0.912835, AUPR: 0.904378, F1: 0.825594, ACC: 0.833019,
Epoch: 01100, loss_val: 0.389975, AUC: 0.920634, AUPR: 0.904226, F1: 0.830350, ACC: 0.849698,
Epoch: 01120, loss_train: 0.373204, AUC: 0.917436, AUPR: 0.908276, F1: 0.831261, ACC: 0.834718,
Epoch: 01120, loss_val: 0.390128, AUC: 0.921475, AUPR: 0.905416, F1: 0.830692, ACC: 0.846677,
Epoch: 01140, loss_train: 0.379020, AUC: 0.915493, AUPR: 0.908803, F1: 0.826951, ACC: 0.829809,
Epoch: 01140, loss_val: 0.387248, AUC: 0.922044, AUPR: 0.906226, F1: 0.834146, ACC: 0.845921,
Epoch: 01160, loss_train: 0.376871, AUC: 0.916240, AUPR: 0.907205, F1: 0.828740, ACC: 0.829904,
Epoch: 01160, loss_val: 0.389021, AUC: 0.922256, AUPR: 0.906180, F1: 0.828201, ACC: 0.839879,
Epoch: 01180, loss_train: 0.372727, AUC: 0.918316, AUPR: 0.910855, F1: 0.832392, ACC: 0.834718,
Epoch: 01180, loss_val: 0.387156, AUC: 0.923053, AUPR: 0.906086, F1: 0.833603, ACC: 0.844411,
Epoch: 01200, loss_train: 0.371728, AUC: 0.918744, AUPR: 0.912038, F1: 0.829530, ACC: 0.832169,
Epoch: 01200, loss_val: 0.385863, AUC: 0.924740, AUPR: 0.908413, F1: 0.837679, ACC: 0.854230,
Epoch: 01220, loss_train: 0.365832, AUC: 0.920691, AUPR: 0.914945, F1: 0.832759, ACC: 0.835001,
Epoch: 01220, loss_val: 0.385221, AUC: 0.924976, AUPR: 0.908492, F1: 0.837881, ACC: 0.847432,
Epoch: 01240, loss_train: 0.367973, AUC: 0.920966, AUPR: 0.914025, F1: 0.834607, ACC: 0.836511,
Epoch: 01240, loss_val: 0.387504, AUC: 0.924377, AUPR: 0.908528, F1: 0.835275, ACC: 0.850453,
Epoch: 01260, loss_train: 0.355105, AUC: 0.925299, AUPR: 0.919147, F1: 0.838198, ACC: 0.838305,
Epoch: 01260, loss_val: 0.388781, AUC: 0.924304, AUPR: 0.908250, F1: 0.831799, ACC: 0.848187,
Epoch: 01280, loss_train: 0.356790, AUC: 0.924871, AUPR: 0.918116, F1: 0.840475, ACC: 0.841514,
Epoch: 01280, loss_val: 0.383819, AUC: 0.925648, AUPR: 0.910655, F1: 0.835673, ACC: 0.849698,
Epoch: 01300, loss_train: 0.343767, AUC: 0.929635, AUPR: 0.924146, F1: 0.845920, ACC: 0.851520,
Epoch: 01300, loss_val: 0.383902, AUC: 0.926032, AUPR: 0.910063, F1: 0.837134, ACC: 0.848943,
Epoch: 01320, loss_train: 0.344191, AUC: 0.929900, AUPR: 0.923853, F1: 0.844558, ACC: 0.845101,
Epoch: 01320, loss_val: 0.388758, AUC: 0.925491, AUPR: 0.909858, F1: 0.834951, ACC: 0.845921,
Epoch: 01340, loss_train: 0.348180, AUC: 0.928518, AUPR: 0.921484, F1: 0.844819, ACC: 0.852275,
Epoch: 01340, loss_val: 0.385294, AUC: 0.927559, AUPR: 0.911483, F1: 0.839378, ACC: 0.859517,
Epoch: 01360, loss_train: 0.344163, AUC: 0.930291, AUPR: 0.924509, F1: 0.848467, ACC: 0.853030,
Epoch: 01360, loss_val: 0.383722, AUC: 0.928266, AUPR: 0.912265, F1: 0.837247, ACC: 0.848187,
Epoch: 01380, loss_train: 0.327732, AUC: 0.935765, AUPR: 0.930308, F1: 0.852187, ACC: 0.853596,
Epoch: 01380, loss_val: 0.384583, AUC: 0.928786, AUPR: 0.912618, F1: 0.838655, ACC: 0.854985,
Epoch: 01400, loss_train: 0.339421, AUC: 0.932191, AUPR: 0.927270, F1: 0.847625, ACC: 0.854068,
Epoch: 01400, loss_val: 0.379205, AUC: 0.930573, AUPR: 0.915038, F1: 0.843333, ACC: 0.858006,
Epoch: 01420, loss_train: 0.336944, AUC: 0.932928, AUPR: 0.927612, F1: 0.851261, ACC: 0.854729,
Epoch: 01420, loss_val: 0.382230, AUC: 0.930175, AUPR: 0.914159, F1: 0.846787, ACC: 0.859517,
Epoch: 01440, loss_train: 0.324980, AUC: 0.936936, AUPR: 0.932591, F1: 0.852665, ACC: 0.858033,
Epoch: 01440, loss_val: 0.384960, AUC: 0.929110, AUPR: 0.913463, F1: 0.842788, ACC: 0.853474,
Epoch: 01460, loss_train: 0.330844, AUC: 0.935523, AUPR: 0.930171, F1: 0.853724, ACC: 0.856900,
Epoch: 01460, loss_val: 0.383719, AUC: 0.930621, AUPR: 0.914971, F1: 0.843154, ACC: 0.857251,
Epoch: 01480, loss_train: 0.331794, AUC: 0.935431, AUPR: 0.930537, F1: 0.850320, ACC: 0.852086,
Epoch: 01480, loss_val: 0.380529, AUC: 0.930859, AUPR: 0.915029, F1: 0.847118, ACC: 0.861782,
Epoch: 01500, loss_train: 0.325626, AUC: 0.937441, AUPR: 0.932004, F1: 0.855864, ACC: 0.857183,
Epoch: 01500, loss_val: 0.384305, AUC: 0.932865, AUPR: 0.916764, F1: 0.847515, ACC: 0.863293,
Epoch: 01520, loss_train: 0.323835, AUC: 0.938359, AUPR: 0.933024, F1: 0.858226, ACC: 0.862281,
Epoch: 01520, loss_val: 0.380596, AUC: 0.931841, AUPR: 0.916669, F1: 0.842105, ACC: 0.854985,
Epoch: 01540, loss_train: 0.316899, AUC: 0.940417, AUPR: 0.936488, F1: 0.857998, ACC: 0.865679,
Epoch: 01540, loss_val: 0.377305, AUC: 0.933375, AUPR: 0.918287, F1: 0.847545, ACC: 0.866314,
Epoch: 01560, loss_train: 0.312175, AUC: 0.942298, AUPR: 0.938204, F1: 0.861934, ACC: 0.867095,
Epoch: 01560, loss_val: 0.385005, AUC: 0.932751, AUPR: 0.916822, F1: 0.845188, ACC: 0.860272,
Epoch: 01580, loss_train: 0.308759, AUC: 0.943206, AUPR: 0.939557, F1: 0.862147, ACC: 0.867755,
Epoch: 01580, loss_val: 0.373272, AUC: 0.934533, AUPR: 0.919081, F1: 0.848837, ACC: 0.862538,
Epoch: 01600, loss_train: 0.312532, AUC: 0.942157, AUPR: 0.937585, F1: 0.858794, ACC: 0.863885,
Epoch: 01600, loss_val: 0.370898, AUC: 0.935494, AUPR: 0.920222, F1: 0.849835, ACC: 0.862538,
Epoch: 01620, loss_train: 0.304747, AUC: 0.945031, AUPR: 0.941361, F1: 0.865735, ACC: 0.868510,
Epoch: 01620, loss_val: 0.373039, AUC: 0.935619, AUPR: 0.920090, F1: 0.848635, ACC: 0.861782,
Epoch: 01640, loss_train: 0.304232, AUC: 0.945334, AUPR: 0.941533, F1: 0.865825, ACC: 0.869549,
Epoch: 01640, loss_val: 0.370073, AUC: 0.936401, AUPR: 0.921599, F1: 0.851944, ACC: 0.864804,
Epoch: 01660, loss_train: 0.290109, AUC: 0.949458, AUPR: 0.946308, F1: 0.870584, ACC: 0.876911,
Epoch: 01660, loss_val: 0.375278, AUC: 0.935848, AUPR: 0.920312, F1: 0.849750, ACC: 0.864048,
Epoch: 01680, loss_train: 0.299808, AUC: 0.947042, AUPR: 0.942022, F1: 0.867789, ACC: 0.871059,
Epoch: 01680, loss_val: 0.372622, AUC: 0.936971, AUPR: 0.921080, F1: 0.851569, ACC: 0.867825,
Epoch: 01700, loss_train: 0.294787, AUC: 0.948495, AUPR: 0.944622, F1: 0.869035, ACC: 0.872286,
Epoch: 01700, loss_val: 0.370041, AUC: 0.937287, AUPR: 0.922532, F1: 0.855252, ACC: 0.867825,
Epoch: 01720, loss_train: 0.290101, AUC: 0.949880, AUPR: 0.946114, F1: 0.869317, ACC: 0.874929,
Epoch: 01720, loss_val: 0.369962, AUC: 0.937997, AUPR: 0.923448, F1: 0.855939, ACC: 0.870846,
Epoch: 01740, loss_train: 0.292205, AUC: 0.949425, AUPR: 0.945911, F1: 0.870323, ACC: 0.876345,
Epoch: 01740, loss_val: 0.368345, AUC: 0.938745, AUPR: 0.923639, F1: 0.855263, ACC: 0.867069,
Epoch: 01760, loss_train: 0.286778, AUC: 0.951201, AUPR: 0.947034, F1: 0.874939, ACC: 0.878139,
Epoch: 01760, loss_val: 0.366417, AUC: 0.939832, AUPR: 0.925195, F1: 0.855462, ACC: 0.870091,
Epoch: 01780, loss_train: 0.280775, AUC: 0.952869, AUPR: 0.949434, F1: 0.874866, ACC: 0.878894,
Epoch: 01780, loss_val: 0.364402, AUC: 0.940344, AUPR: 0.926124, F1: 0.855713, ACC: 0.869335,
Epoch: 01800, loss_train: 0.282649, AUC: 0.952749, AUPR: 0.948793, F1: 0.873867, ACC: 0.876534,
Epoch: 01800, loss_val: 0.372496, AUC: 0.940199, AUPR: 0.925007, F1: 0.855953, ACC: 0.869335,
Epoch: 01820, loss_train: 0.280684, AUC: 0.953285, AUPR: 0.949522, F1: 0.874399, ACC: 0.881631,
Epoch: 01820, loss_val: 0.364377, AUC: 0.940638, AUPR: 0.926045, F1: 0.858594, ACC: 0.873867,
Epoch: 01840, loss_train: 0.277229, AUC: 0.954122, AUPR: 0.951202, F1: 0.875564, ACC: 0.880310,
Epoch: 01840, loss_val: 0.366471, AUC: 0.940150, AUPR: 0.925446, F1: 0.855316, ACC: 0.863293,
Epoch: 01860, loss_train: 0.275597, AUC: 0.954844, AUPR: 0.950832, F1: 0.878406, ACC: 0.882481,
Epoch: 01860, loss_val: 0.368714, AUC: 0.940643, AUPR: 0.926601, F1: 0.856672, ACC: 0.868580,
Epoch: 01880, loss_train: 0.266229, AUC: 0.957391, AUPR: 0.954866, F1: 0.883807, ACC: 0.887295,
Epoch: 01880, loss_val: 0.364666, AUC: 0.941643, AUPR: 0.927453, F1: 0.856901, ACC: 0.872356,
Epoch: 01900, loss_train: 0.272099, AUC: 0.956045, AUPR: 0.952562, F1: 0.877122, ACC: 0.879082,
Epoch: 01900, loss_val: 0.364051, AUC: 0.942325, AUPR: 0.927873, F1: 0.857839, ACC: 0.867825,
Epoch: 01920, loss_train: 0.267850, AUC: 0.957147, AUPR: 0.954802, F1: 0.880584, ACC: 0.885690,
Epoch: 01920, loss_val: 0.368579, AUC: 0.941923, AUPR: 0.926719, F1: 0.855738, ACC: 0.867069,
Epoch: 01940, loss_train: 0.262717, AUC: 0.958750, AUPR: 0.955148, F1: 0.888038, ACC: 0.892298,
Epoch: 01940, loss_val: 0.358257, AUC: 0.944432, AUPR: 0.929478, F1: 0.856209, ACC: 0.867069,
Epoch: 01960, loss_train: 0.258830, AUC: 0.959990, AUPR: 0.956378, F1: 0.885065, ACC: 0.889655,
Epoch: 01960, loss_val: 0.361313, AUC: 0.943499, AUPR: 0.928965, F1: 0.862712, ACC: 0.877644,
Epoch: 01980, loss_train: 0.265688, AUC: 0.958087, AUPR: 0.954980, F1: 0.883145, ACC: 0.888616,
Epoch: 01980, loss_val: 0.359335, AUC: 0.943838, AUPR: 0.930111, F1: 0.863563, ACC: 0.871601,
The best results on validation set, Epoch: 01999, AUC: 0.945278, AUPR: 0.931362, F1: 0.862713, ACC: 0.872356,
test results, AUC: 0.944524, AUPR: 0.937455, F1: 0.871921, ACC: 0.882264,
Epoch: 00000, loss_train: 1.026466, AUC: 0.494655, AUPR: 0.460872, F1: 0.636802, ACC: 0.467340,
Epoch: 00000, loss_val: 0.701433, AUC: 0.493534, AUPR: 0.465596, F1: 0.634675, ACC: 0.465257,
Epoch: 00020, loss_train: 0.856325, AUC: 0.588996, AUPR: 0.539410, F1: 0.639266, ACC: 0.495469,
Epoch: 00020, loss_val: 0.795233, AUC: 0.494590, AUPR: 0.462707, F1: 0.635707, ACC: 0.466767,
Epoch: 00040, loss_train: 0.793104, AUC: 0.644603, AUPR: 0.602866, F1: 0.647918, ACC: 0.540306,
Epoch: 00040, loss_val: 0.698913, AUC: 0.494880, AUPR: 0.464076, F1: 0.635379, ACC: 0.466012,
Epoch: 00060, loss_train: 0.726451, AUC: 0.700100, AUPR: 0.664251, F1: 0.663285, ACC: 0.611573,
Epoch: 00060, loss_val: 0.800690, AUC: 0.538723, AUPR: 0.480367, F1: 0.637306, ACC: 0.471299,
Epoch: 00080, loss_train: 0.724314, AUC: 0.712088, AUPR: 0.678307, F1: 0.673421, ACC: 0.610534,
Epoch: 00080, loss_val: 0.692176, AUC: 0.627277, AUPR: 0.583517, F1: 0.650358, ACC: 0.557402,
Epoch: 00100, loss_train: 0.671569, AUC: 0.745581, AUPR: 0.721927, F1: 0.688955, ACC: 0.635548,
Epoch: 00100, loss_val: 0.555478, AUC: 0.789986, AUPR: 0.762304, F1: 0.717375, ACC: 0.713746,
Epoch: 00120, loss_train: 0.656661, AUC: 0.760461, AUPR: 0.736533, F1: 0.698144, ACC: 0.672928,
Epoch: 00120, loss_val: 0.519493, AUC: 0.837302, AUPR: 0.822760, F1: 0.759342, ACC: 0.756798,
Epoch: 00140, loss_train: 0.645255, AUC: 0.770426, AUPR: 0.747908, F1: 0.704164, ACC: 0.678780,
Epoch: 00140, loss_val: 0.504331, AUC: 0.847772, AUPR: 0.835643, F1: 0.765772, ACC: 0.756042,
Epoch: 00160, loss_train: 0.625295, AUC: 0.781685, AUPR: 0.760035, F1: 0.711084, ACC: 0.686049,
Epoch: 00160, loss_val: 0.490324, AUC: 0.857828, AUPR: 0.846453, F1: 0.777693, ACC: 0.780212,
Epoch: 00180, loss_train: 0.625995, AUC: 0.782349, AUPR: 0.760227, F1: 0.712877, ACC: 0.692279,
Epoch: 00180, loss_val: 0.485482, AUC: 0.862685, AUPR: 0.853291, F1: 0.778868, ACC: 0.778701,
Epoch: 00200, loss_train: 0.607375, AUC: 0.794763, AUPR: 0.773655, F1: 0.718472, ACC: 0.698037,
Epoch: 00200, loss_val: 0.477054, AUC: 0.866785, AUPR: 0.857867, F1: 0.776895, ACC: 0.766616,
Epoch: 00220, loss_train: 0.604538, AUC: 0.797380, AUPR: 0.781740, F1: 0.716771, ACC: 0.697281,
Epoch: 00220, loss_val: 0.468257, AUC: 0.872753, AUPR: 0.863016, F1: 0.782674, ACC: 0.780212,
Epoch: 00240, loss_train: 0.595389, AUC: 0.803728, AUPR: 0.784805, F1: 0.726535, ACC: 0.720030,
Epoch: 00240, loss_val: 0.463793, AUC: 0.875729, AUPR: 0.866502, F1: 0.783444, ACC: 0.778701,
Epoch: 00260, loss_train: 0.585944, AUC: 0.808834, AUPR: 0.790244, F1: 0.733034, ACC: 0.724844,
Epoch: 00260, loss_val: 0.457298, AUC: 0.877823, AUPR: 0.868928, F1: 0.789272, ACC: 0.792296,
Epoch: 00280, loss_train: 0.575815, AUC: 0.814458, AUPR: 0.800807, F1: 0.732154, ACC: 0.721257,
Epoch: 00280, loss_val: 0.449567, AUC: 0.882911, AUPR: 0.873905, F1: 0.789751, ACC: 0.789275,
Epoch: 00300, loss_train: 0.574169, AUC: 0.815499, AUPR: 0.799762, F1: 0.736502, ACC: 0.723145,
Epoch: 00300, loss_val: 0.441522, AUC: 0.886368, AUPR: 0.876785, F1: 0.800000, ACC: 0.796828,
Epoch: 00320, loss_train: 0.568401, AUC: 0.819024, AUPR: 0.801274, F1: 0.738017, ACC: 0.729658,
Epoch: 00320, loss_val: 0.438786, AUC: 0.888035, AUPR: 0.878025, F1: 0.800908, ACC: 0.801360,
Epoch: 00340, loss_train: 0.557368, AUC: 0.823963, AUPR: 0.810045, F1: 0.739706, ACC: 0.732679,
Epoch: 00340, loss_val: 0.438714, AUC: 0.889835, AUPR: 0.879294, F1: 0.802030, ACC: 0.793807,
Epoch: 00360, loss_train: 0.552318, AUC: 0.828302, AUPR: 0.811469, F1: 0.745252, ACC: 0.736643,
Epoch: 00360, loss_val: 0.426221, AUC: 0.893953, AUPR: 0.884296, F1: 0.804916, ACC: 0.808157,
Epoch: 00380, loss_train: 0.534849, AUC: 0.835823, AUPR: 0.824681, F1: 0.748389, ACC: 0.741929,
Epoch: 00380, loss_val: 0.426291, AUC: 0.894315, AUPR: 0.884296, F1: 0.806991, ACC: 0.808157,
Epoch: 00400, loss_train: 0.533209, AUC: 0.836266, AUPR: 0.822127, F1: 0.747434, ACC: 0.742213,
Epoch: 00400, loss_val: 0.425183, AUC: 0.895618, AUPR: 0.885397, F1: 0.806548, ACC: 0.803625,
Epoch: 00420, loss_train: 0.530848, AUC: 0.837872, AUPR: 0.826598, F1: 0.746734, ACC: 0.734661,
Epoch: 00420, loss_val: 0.419494, AUC: 0.898702, AUPR: 0.888976, F1: 0.807202, ACC: 0.805891,
Epoch: 00440, loss_train: 0.530568, AUC: 0.840184, AUPR: 0.825128, F1: 0.756296, ACC: 0.748820,
Epoch: 00440, loss_val: 0.419911, AUC: 0.899571, AUPR: 0.889570, F1: 0.812308, ACC: 0.815710,
Epoch: 00460, loss_train: 0.532269, AUC: 0.838566, AUPR: 0.826985, F1: 0.750304, ACC: 0.747876,
Epoch: 00460, loss_val: 0.412545, AUC: 0.901445, AUPR: 0.891423, F1: 0.813221, ACC: 0.816465,
Epoch: 00480, loss_train: 0.508681, AUC: 0.850159, AUPR: 0.834067, F1: 0.764673, ACC: 0.763073,
Epoch: 00480, loss_val: 0.410557, AUC: 0.902600, AUPR: 0.892953, F1: 0.813105, ACC: 0.810423,
Epoch: 00500, loss_train: 0.519448, AUC: 0.845817, AUPR: 0.830328, F1: 0.758602, ACC: 0.754295,
Epoch: 00500, loss_val: 0.408378, AUC: 0.903953, AUPR: 0.894474, F1: 0.817102, ACC: 0.825529,
Epoch: 00520, loss_train: 0.505419, AUC: 0.853040, AUPR: 0.839288, F1: 0.767126, ACC: 0.760619,
Epoch: 00520, loss_val: 0.409152, AUC: 0.904351, AUPR: 0.894275, F1: 0.817485, ACC: 0.820242,
Epoch: 00540, loss_train: 0.506590, AUC: 0.852504, AUPR: 0.839227, F1: 0.767431, ACC: 0.763545,
Epoch: 00540, loss_val: 0.401702, AUC: 0.907204, AUPR: 0.897812, F1: 0.821596, ACC: 0.827795,
Epoch: 00560, loss_train: 0.492025, AUC: 0.859235, AUPR: 0.847437, F1: 0.767356, ACC: 0.754861,
Epoch: 00560, loss_val: 0.402301, AUC: 0.907321, AUPR: 0.897375, F1: 0.822606, ACC: 0.829305,
Epoch: 00580, loss_train: 0.486632, AUC: 0.861373, AUPR: 0.851150, F1: 0.770083, ACC: 0.768737,
Epoch: 00580, loss_val: 0.400961, AUC: 0.908130, AUPR: 0.899180, F1: 0.820791, ACC: 0.825529,
Epoch: 00600, loss_train: 0.486951, AUC: 0.861849, AUPR: 0.850982, F1: 0.769173, ACC: 0.766472,
Epoch: 00600, loss_val: 0.398497, AUC: 0.909284, AUPR: 0.900135, F1: 0.823621, ACC: 0.828550,
Epoch: 00620, loss_train: 0.487276, AUC: 0.862639, AUPR: 0.853381, F1: 0.771604, ACC: 0.767982,
Epoch: 00620, loss_val: 0.396120, AUC: 0.911070, AUPR: 0.902183, F1: 0.827056, ACC: 0.830060,
Epoch: 00640, loss_train: 0.492055, AUC: 0.861381, AUPR: 0.846263, F1: 0.770671, ACC: 0.780347,
Epoch: 00640, loss_val: 0.390928, AUC: 0.912542, AUPR: 0.903430, F1: 0.827427, ACC: 0.830816,
Epoch: 00660, loss_train: 0.473244, AUC: 0.870150, AUPR: 0.857966, F1: 0.778924, ACC: 0.775439,
Epoch: 00660, loss_val: 0.393488, AUC: 0.911946, AUPR: 0.902780, F1: 0.830160, ACC: 0.831571,
Epoch: 00680, loss_train: 0.472396, AUC: 0.869690, AUPR: 0.859243, F1: 0.780218, ACC: 0.782707,
Epoch: 00680, loss_val: 0.390972, AUC: 0.913397, AUPR: 0.903976, F1: 0.829452, ACC: 0.828550,
Epoch: 00700, loss_train: 0.466882, AUC: 0.872953, AUPR: 0.863553, F1: 0.783298, ACC: 0.785917,
Epoch: 00700, loss_val: 0.392738, AUC: 0.913519, AUPR: 0.903669, F1: 0.829582, ACC: 0.839879,
Epoch: 00720, loss_train: 0.464916, AUC: 0.874154, AUPR: 0.865654, F1: 0.783739, ACC: 0.789598,
Epoch: 00720, loss_val: 0.391304, AUC: 0.914392, AUPR: 0.904966, F1: 0.829154, ACC: 0.835347,
Epoch: 00740, loss_train: 0.458528, AUC: 0.877282, AUPR: 0.868586, F1: 0.787220, ACC: 0.791297,
Epoch: 00740, loss_val: 0.384214, AUC: 0.916657, AUPR: 0.907498, F1: 0.832812, ACC: 0.838369,
Epoch: 00760, loss_train: 0.442742, AUC: 0.884180, AUPR: 0.875013, F1: 0.790993, ACC: 0.785350,
Epoch: 00760, loss_val: 0.385945, AUC: 0.917244, AUPR: 0.908155, F1: 0.833731, ACC: 0.842145,
Epoch: 00780, loss_train: 0.440048, AUC: 0.886376, AUPR: 0.875027, F1: 0.793179, ACC: 0.795073,
Epoch: 00780, loss_val: 0.384978, AUC: 0.918249, AUPR: 0.909049, F1: 0.834405, ACC: 0.844411,
Epoch: 00800, loss_train: 0.443306, AUC: 0.884477, AUPR: 0.874339, F1: 0.793744, ACC: 0.793374,
Epoch: 00800, loss_val: 0.383769, AUC: 0.918439, AUPR: 0.909568, F1: 0.833735, ACC: 0.843656,
Epoch: 00820, loss_train: 0.439325, AUC: 0.887575, AUPR: 0.873958, F1: 0.798852, ACC: 0.801491,
Epoch: 00820, loss_val: 0.382050, AUC: 0.919377, AUPR: 0.910179, F1: 0.837901, ACC: 0.843656,
Epoch: 00840, loss_train: 0.433316, AUC: 0.889832, AUPR: 0.879724, F1: 0.800000, ACC: 0.799415,
Epoch: 00840, loss_val: 0.380107, AUC: 0.920455, AUPR: 0.911974, F1: 0.835148, ACC: 0.839879,
Epoch: 00860, loss_train: 0.437971, AUC: 0.888326, AUPR: 0.878963, F1: 0.798065, ACC: 0.795073,
Epoch: 00860, loss_val: 0.381332, AUC: 0.920214, AUPR: 0.911318, F1: 0.836039, ACC: 0.847432,
Epoch: 00880, loss_train: 0.432673, AUC: 0.890754, AUPR: 0.881254, F1: 0.797645, ACC: 0.798848,
Epoch: 00880, loss_val: 0.376881, AUC: 0.922156, AUPR: 0.913543, F1: 0.837025, ACC: 0.844411,
Epoch: 00900, loss_train: 0.421066, AUC: 0.896366, AUPR: 0.886181, F1: 0.804828, ACC: 0.812252,
Epoch: 00900, loss_val: 0.373300, AUC: 0.923722, AUPR: 0.914295, F1: 0.843411, ACC: 0.847432,
Epoch: 00920, loss_train: 0.415471, AUC: 0.898863, AUPR: 0.890462, F1: 0.807280, ACC: 0.808099,
Epoch: 00920, loss_val: 0.376731, AUC: 0.922943, AUPR: 0.914089, F1: 0.842936, ACC: 0.849698,
Epoch: 00940, loss_train: 0.422034, AUC: 0.896478, AUPR: 0.887917, F1: 0.804802, ACC: 0.809704,
Epoch: 00940, loss_val: 0.377022, AUC: 0.923667, AUPR: 0.915127, F1: 0.849162, ACC: 0.857251,
Epoch: 00960, loss_train: 0.406957, AUC: 0.902787, AUPR: 0.893848, F1: 0.814957, ACC: 0.818293,
Epoch: 00960, loss_val: 0.374110, AUC: 0.925051, AUPR: 0.916228, F1: 0.842276, ACC: 0.853474,
Epoch: 00980, loss_train: 0.408522, AUC: 0.902434, AUPR: 0.893620, F1: 0.812791, ACC: 0.817633,
Epoch: 00980, loss_val: 0.366016, AUC: 0.926895, AUPR: 0.918206, F1: 0.843750, ACC: 0.848943,
Epoch: 01000, loss_train: 0.401104, AUC: 0.905509, AUPR: 0.895805, F1: 0.815919, ACC: 0.817066,
Epoch: 01000, loss_val: 0.368609, AUC: 0.926755, AUPR: 0.918132, F1: 0.848387, ACC: 0.858006,
Epoch: 01020, loss_train: 0.400524, AUC: 0.905469, AUPR: 0.900749, F1: 0.815393, ACC: 0.817066,
Epoch: 01020, loss_val: 0.371531, AUC: 0.927090, AUPR: 0.918213, F1: 0.847189, ACC: 0.854230,
Epoch: 01040, loss_train: 0.399072, AUC: 0.906953, AUPR: 0.898473, F1: 0.816369, ACC: 0.817444,
Epoch: 01040, loss_val: 0.368514, AUC: 0.927544, AUPR: 0.918701, F1: 0.845850, ACC: 0.852719,
Epoch: 01060, loss_train: 0.384953, AUC: 0.912972, AUPR: 0.903853, F1: 0.824778, ACC: 0.830187,
Epoch: 01060, loss_val: 0.365786, AUC: 0.928060, AUPR: 0.919792, F1: 0.851675, ACC: 0.859517,
Epoch: 01080, loss_train: 0.390295, AUC: 0.910919, AUPR: 0.903641, F1: 0.821004, ACC: 0.825278,
Epoch: 01080, loss_val: 0.366427, AUC: 0.928769, AUPR: 0.919392, F1: 0.845140, ACC: 0.858006,
Epoch: 01100, loss_train: 0.388133, AUC: 0.912104, AUPR: 0.904952, F1: 0.822009, ACC: 0.828393,
Epoch: 01100, loss_val: 0.362483, AUC: 0.930472, AUPR: 0.921709, F1: 0.846890, ACC: 0.854985,
Epoch: 01120, loss_train: 0.380469, AUC: 0.915115, AUPR: 0.908008, F1: 0.826667, ACC: 0.829432,
Epoch: 01120, loss_val: 0.360991, AUC: 0.930910, AUPR: 0.922620, F1: 0.848933, ACC: 0.861027,
Epoch: 01140, loss_train: 0.394960, AUC: 0.910138, AUPR: 0.900287, F1: 0.819583, ACC: 0.825373,
Epoch: 01140, loss_val: 0.364303, AUC: 0.930844, AUPR: 0.921543, F1: 0.852965, ACC: 0.863293,
Epoch: 01160, loss_train: 0.366152, AUC: 0.920729, AUPR: 0.914026, F1: 0.832683, ACC: 0.838022,
Epoch: 01160, loss_val: 0.361614, AUC: 0.931438, AUPR: 0.922616, F1: 0.852649, ACC: 0.865559,
Epoch: 01180, loss_train: 0.374536, AUC: 0.918365, AUPR: 0.909181, F1: 0.831679, ACC: 0.833491,
Epoch: 01180, loss_val: 0.358961, AUC: 0.932524, AUPR: 0.924012, F1: 0.848679, ACC: 0.857251,
Epoch: 01200, loss_train: 0.370796, AUC: 0.919663, AUPR: 0.913070, F1: 0.831395, ACC: 0.835756,
Epoch: 01200, loss_val: 0.357380, AUC: 0.933492, AUPR: 0.924936, F1: 0.855519, ACC: 0.865559,
Epoch: 01220, loss_train: 0.366641, AUC: 0.922117, AUPR: 0.912408, F1: 0.837378, ACC: 0.843119,
Epoch: 01220, loss_val: 0.358996, AUC: 0.933506, AUPR: 0.925256, F1: 0.855529, ACC: 0.864804,
Epoch: 01240, loss_train: 0.361895, AUC: 0.923573, AUPR: 0.916554, F1: 0.838558, ACC: 0.844440,
Epoch: 01240, loss_val: 0.359196, AUC: 0.934003, AUPR: 0.925489, F1: 0.854098, ACC: 0.865559,
Epoch: 01260, loss_train: 0.356110, AUC: 0.925706, AUPR: 0.918096, F1: 0.841681, ACC: 0.848122,
Epoch: 01260, loss_val: 0.361220, AUC: 0.933818, AUPR: 0.925026, F1: 0.855061, ACC: 0.864804,
Epoch: 01280, loss_train: 0.350469, AUC: 0.927796, AUPR: 0.921102, F1: 0.840571, ACC: 0.847178,
Epoch: 01280, loss_val: 0.352231, AUC: 0.935987, AUPR: 0.927137, F1: 0.858491, ACC: 0.864048,
Epoch: 01300, loss_train: 0.340585, AUC: 0.931493, AUPR: 0.924680, F1: 0.844793, ACC: 0.845101,
Epoch: 01300, loss_val: 0.354998, AUC: 0.935909, AUPR: 0.927383, F1: 0.859721, ACC: 0.870846,
Epoch: 01320, loss_train: 0.336488, AUC: 0.933327, AUPR: 0.927055, F1: 0.846025, ACC: 0.852841,
Epoch: 01320, loss_val: 0.353222, AUC: 0.936310, AUPR: 0.928350, F1: 0.857371, ACC: 0.864804,
Epoch: 01340, loss_train: 0.338389, AUC: 0.932466, AUPR: 0.925752, F1: 0.848426, ACC: 0.852275,
Epoch: 01340, loss_val: 0.351140, AUC: 0.937360, AUPR: 0.928772, F1: 0.855538, ACC: 0.864048,
Epoch: 01360, loss_train: 0.333069, AUC: 0.934132, AUPR: 0.929134, F1: 0.848399, ACC: 0.858788,
Epoch: 01360, loss_val: 0.348233, AUC: 0.937890, AUPR: 0.929772, F1: 0.856240, ACC: 0.862538,
Epoch: 01380, loss_train: 0.332942, AUC: 0.934407, AUPR: 0.930817, F1: 0.847022, ACC: 0.851614,
Epoch: 01380, loss_val: 0.355961, AUC: 0.938000, AUPR: 0.929985, F1: 0.864650, ACC: 0.871601,
Epoch: 01400, loss_train: 0.332060, AUC: 0.935010, AUPR: 0.930604, F1: 0.850025, ACC: 0.859071,
Epoch: 01400, loss_val: 0.355463, AUC: 0.938370, AUPR: 0.931086, F1: 0.860317, ACC: 0.867069,
Epoch: 01420, loss_train: 0.321684, AUC: 0.938813, AUPR: 0.933632, F1: 0.855398, ACC: 0.863696,
Epoch: 01420, loss_val: 0.347675, AUC: 0.938993, AUPR: 0.931331, F1: 0.858687, ACC: 0.861782,
Epoch: 01440, loss_train: 0.322398, AUC: 0.938411, AUPR: 0.934453, F1: 0.852642, ACC: 0.860487,
Epoch: 01440, loss_val: 0.352042, AUC: 0.939408, AUPR: 0.931019, F1: 0.860317, ACC: 0.867069,
Epoch: 01460, loss_train: 0.332779, AUC: 0.935735, AUPR: 0.928660, F1: 0.851538, ACC: 0.854257,
Epoch: 01460, loss_val: 0.344872, AUC: 0.940731, AUPR: 0.932182, F1: 0.863124, ACC: 0.871601,
Epoch: 01480, loss_train: 0.313719, AUC: 0.941979, AUPR: 0.935442, F1: 0.859404, ACC: 0.865867,
Epoch: 01480, loss_val: 0.342529, AUC: 0.941423, AUPR: 0.932755, F1: 0.866397, ACC: 0.875378,
Epoch: 01500, loss_train: 0.317162, AUC: 0.940891, AUPR: 0.935081, F1: 0.856556, ACC: 0.861620,
Epoch: 01500, loss_val: 0.341388, AUC: 0.941662, AUPR: 0.934338, F1: 0.867769, ACC: 0.879154,
Epoch: 01520, loss_train: 0.310852, AUC: 0.942969, AUPR: 0.938072, F1: 0.859581, ACC: 0.863319,
Epoch: 01520, loss_val: 0.344993, AUC: 0.941909, AUPR: 0.934276, F1: 0.865913, ACC: 0.874622,
Epoch: 01540, loss_train: 0.303998, AUC: 0.945276, AUPR: 0.940018, F1: 0.865041, ACC: 0.870965,
Epoch: 01540, loss_val: 0.340288, AUC: 0.943067, AUPR: 0.935489, F1: 0.867707, ACC: 0.878399,
Epoch: 01560, loss_train: 0.311142, AUC: 0.943082, AUPR: 0.939377, F1: 0.862741, ACC: 0.866434,
Epoch: 01560, loss_val: 0.339776, AUC: 0.943136, AUPR: 0.934936, F1: 0.863379, ACC: 0.872356,
Epoch: 01580, loss_train: 0.296774, AUC: 0.947726, AUPR: 0.942523, F1: 0.866965, ACC: 0.876534,
Epoch: 01580, loss_val: 0.343039, AUC: 0.943459, AUPR: 0.935902, F1: 0.870837, ACC: 0.879909,
Epoch: 01600, loss_train: 0.305981, AUC: 0.944993, AUPR: 0.940147, F1: 0.861752, ACC: 0.864924,
Epoch: 01600, loss_val: 0.340289, AUC: 0.943581, AUPR: 0.936637, F1: 0.864407, ACC: 0.867069,
Epoch: 01620, loss_train: 0.294788, AUC: 0.948703, AUPR: 0.944234, F1: 0.869754, ACC: 0.875212,
Epoch: 01620, loss_val: 0.340481, AUC: 0.944246, AUPR: 0.936723, F1: 0.867156, ACC: 0.876888,
Epoch: 01640, loss_train: 0.289248, AUC: 0.950684, AUPR: 0.945672, F1: 0.870896, ACC: 0.874174,
Epoch: 01640, loss_val: 0.339273, AUC: 0.944936, AUPR: 0.938501, F1: 0.872642, ACC: 0.877644,
Epoch: 01660, loss_train: 0.290131, AUC: 0.950376, AUPR: 0.944609, F1: 0.868691, ACC: 0.871814,
Epoch: 01660, loss_val: 0.332000, AUC: 0.945844, AUPR: 0.938891, F1: 0.875302, ACC: 0.882931,
Epoch: 01680, loss_train: 0.292683, AUC: 0.949587, AUPR: 0.944822, F1: 0.871951, ACC: 0.876628,
Epoch: 01680, loss_val: 0.336725, AUC: 0.946208, AUPR: 0.939002, F1: 0.873055, ACC: 0.882931,
Epoch: 01700, loss_train: 0.287572, AUC: 0.951107, AUPR: 0.947936, F1: 0.868465, ACC: 0.873419,
Epoch: 01700, loss_val: 0.336454, AUC: 0.945811, AUPR: 0.938515, F1: 0.866503, ACC: 0.876888,
Epoch: 01720, loss_train: 0.277671, AUC: 0.954218, AUPR: 0.949359, F1: 0.874608, ACC: 0.879366,
Epoch: 01720, loss_val: 0.340367, AUC: 0.945323, AUPR: 0.937717, F1: 0.871395, ACC: 0.875378,
Epoch: 01740, loss_train: 0.273515, AUC: 0.955573, AUPR: 0.951983, F1: 0.877278, ACC: 0.881159,
Epoch: 01740, loss_val: 0.332460, AUC: 0.947554, AUPR: 0.940879, F1: 0.880705, ACC: 0.887462,
Epoch: 01760, loss_train: 0.284020, AUC: 0.952796, AUPR: 0.947340, F1: 0.873981, ACC: 0.878894,
Epoch: 01760, loss_val: 0.334660, AUC: 0.947105, AUPR: 0.940626, F1: 0.875994, ACC: 0.882175,
Epoch: 01780, loss_train: 0.273223, AUC: 0.955866, AUPR: 0.950898, F1: 0.876081, ACC: 0.882292,
Epoch: 01780, loss_val: 0.337826, AUC: 0.946715, AUPR: 0.939521, F1: 0.872611, ACC: 0.879154,
Epoch: 01800, loss_train: 0.273849, AUC: 0.955582, AUPR: 0.951451, F1: 0.877290, ACC: 0.882386,
Epoch: 01800, loss_val: 0.334076, AUC: 0.947687, AUPR: 0.940479, F1: 0.878282, ACC: 0.884441,
Epoch: 01820, loss_train: 0.277895, AUC: 0.954758, AUPR: 0.950664, F1: 0.878331, ACC: 0.884935,
Epoch: 01820, loss_val: 0.326930, AUC: 0.949425, AUPR: 0.942647, F1: 0.872274, ACC: 0.876133,
Epoch: 01840, loss_train: 0.264938, AUC: 0.958183, AUPR: 0.955321, F1: 0.883099, ACC: 0.890315,
Epoch: 01840, loss_val: 0.329493, AUC: 0.948793, AUPR: 0.941365, F1: 0.872847, ACC: 0.882931,
Epoch: 01860, loss_train: 0.266238, AUC: 0.957983, AUPR: 0.953657, F1: 0.881363, ACC: 0.886917,
Epoch: 01860, loss_val: 0.332859, AUC: 0.948999, AUPR: 0.942117, F1: 0.879936, ACC: 0.887462,
Epoch: 01880, loss_train: 0.257839, AUC: 0.960441, AUPR: 0.957181, F1: 0.885846, ACC: 0.892203,
Epoch: 01880, loss_val: 0.336915, AUC: 0.947804, AUPR: 0.941336, F1: 0.874689, ACC: 0.885952,
Epoch: 01900, loss_train: 0.256870, AUC: 0.960805, AUPR: 0.957204, F1: 0.885009, ACC: 0.888711,
Epoch: 01900, loss_val: 0.334054, AUC: 0.948884, AUPR: 0.941801, F1: 0.874396, ACC: 0.882175,
Epoch: 01920, loss_train: 0.252856, AUC: 0.962018, AUPR: 0.958161, F1: 0.889153, ACC: 0.894469,
Epoch: 01920, loss_val: 0.330640, AUC: 0.949751, AUPR: 0.943212, F1: 0.882726, ACC: 0.888218,
Epoch: 01940, loss_train: 0.254280, AUC: 0.961488, AUPR: 0.957760, F1: 0.884936, ACC: 0.891920,
Epoch: 01940, loss_val: 0.333233, AUC: 0.949859, AUPR: 0.942535, F1: 0.881220, ACC: 0.888218,
Epoch: 01960, loss_train: 0.255758, AUC: 0.961266, AUPR: 0.957479, F1: 0.888289, ACC: 0.894469,
Epoch: 01960, loss_val: 0.337973, AUC: 0.949201, AUPR: 0.941874, F1: 0.879157, ACC: 0.887462,
Epoch: 01980, loss_train: 0.259098, AUC: 0.960154, AUPR: 0.957396, F1: 0.884534, ACC: 0.891542,
Epoch: 01980, loss_val: 0.336698, AUC: 0.948951, AUPR: 0.941425, F1: 0.874204, ACC: 0.880665,
The best results on validation set, Epoch: 01997, AUC: 0.951175, AUPR: 0.944799, F1: 0.885852, ACC: 0.892749,
test results, AUC: 0.935229, AUPR: 0.929592, F1: 0.852918, ACC: 0.857359,
Epoch: 00000, loss_train: 1.004093, AUC: 0.503864, AUPR: 0.468123, F1: 0.637668, ACC: 0.468473,
Epoch: 00000, loss_val: 0.694152, AUC: 0.493388, AUPR: 0.469482, F1: 0.645791, ACC: 0.478852,
Epoch: 00020, loss_train: 0.864432, AUC: 0.587292, AUPR: 0.543520, F1: 0.638426, ACC: 0.488390,
Epoch: 00020, loss_val: 0.740974, AUC: 0.528729, AUPR: 0.508709, F1: 0.645823, ACC: 0.478097,
Epoch: 00040, loss_train: 0.806509, AUC: 0.638041, AUPR: 0.591327, F1: 0.648383, ACC: 0.520766,
Epoch: 00040, loss_val: 0.748945, AUC: 0.530027, AUPR: 0.522962, F1: 0.645161, ACC: 0.476586,
Epoch: 00060, loss_train: 0.738767, AUC: 0.691833, AUPR: 0.654861, F1: 0.662654, ACC: 0.582028,
Epoch: 00060, loss_val: 0.693234, AUC: 0.561360, AUPR: 0.535981, F1: 0.645161, ACC: 0.476586,
Epoch: 00080, loss_train: 0.722059, AUC: 0.711924, AUPR: 0.674920, F1: 0.671177, ACC: 0.614593,
Epoch: 00080, loss_val: 0.676685, AUC: 0.616744, AUPR: 0.568498, F1: 0.653061, ACC: 0.512085,
Epoch: 00100, loss_train: 0.680329, AUC: 0.742531, AUPR: 0.715917, F1: 0.690316, ACC: 0.643194,
Epoch: 00100, loss_val: 0.660170, AUC: 0.701182, AUPR: 0.685345, F1: 0.675845, ACC: 0.608761,
Epoch: 00120, loss_train: 0.655836, AUC: 0.758805, AUPR: 0.734444, F1: 0.696175, ACC: 0.652067,
Epoch: 00120, loss_val: 0.544004, AUC: 0.830383, AUPR: 0.825190, F1: 0.756637, ACC: 0.750755,
Epoch: 00140, loss_train: 0.653049, AUC: 0.765682, AUPR: 0.744454, F1: 0.699588, ACC: 0.669813,
Epoch: 00140, loss_val: 0.513707, AUC: 0.848438, AUPR: 0.842740, F1: 0.773034, ACC: 0.771148,
Epoch: 00160, loss_train: 0.632414, AUC: 0.779480, AUPR: 0.755237, F1: 0.711677, ACC: 0.690013,
Epoch: 00160, loss_val: 0.507016, AUC: 0.855425, AUPR: 0.850487, F1: 0.779104, ACC: 0.776435,
Epoch: 00180, loss_train: 0.616319, AUC: 0.790883, AUPR: 0.769230, F1: 0.716751, ACC: 0.705682,
Epoch: 00180, loss_val: 0.498343, AUC: 0.861534, AUPR: 0.855842, F1: 0.786084, ACC: 0.781722,
Epoch: 00200, loss_train: 0.596209, AUC: 0.803251, AUPR: 0.781770, F1: 0.728574, ACC: 0.713611,
Epoch: 00200, loss_val: 0.492161, AUC: 0.865820, AUPR: 0.859708, F1: 0.789057, ACC: 0.778701,
Epoch: 00220, loss_train: 0.604836, AUC: 0.800877, AUPR: 0.780393, F1: 0.727704, ACC: 0.707193,
Epoch: 00220, loss_val: 0.492996, AUC: 0.867776, AUPR: 0.861711, F1: 0.786836, ACC: 0.784743,
Epoch: 00240, loss_train: 0.592797, AUC: 0.806478, AUPR: 0.787449, F1: 0.727480, ACC: 0.707004,
Epoch: 00240, loss_val: 0.488299, AUC: 0.870795, AUPR: 0.864507, F1: 0.793180, ACC: 0.789275,
Epoch: 00260, loss_train: 0.587897, AUC: 0.810311, AUPR: 0.789767, F1: 0.729079, ACC: 0.703889,
Epoch: 00260, loss_val: 0.480943, AUC: 0.874228, AUPR: 0.867194, F1: 0.797366, ACC: 0.790785,
Epoch: 00280, loss_train: 0.566892, AUC: 0.819576, AUPR: 0.800222, F1: 0.736421, ACC: 0.713706,
Epoch: 00280, loss_val: 0.477371, AUC: 0.876641, AUPR: 0.870528, F1: 0.794007, ACC: 0.792296,
Epoch: 00300, loss_train: 0.577974, AUC: 0.815245, AUPR: 0.798083, F1: 0.735181, ACC: 0.725883,
Epoch: 00300, loss_val: 0.474023, AUC: 0.877355, AUPR: 0.871919, F1: 0.797287, ACC: 0.796828,
Epoch: 00320, loss_train: 0.559776, AUC: 0.823325, AUPR: 0.807530, F1: 0.738667, ACC: 0.726827,
Epoch: 00320, loss_val: 0.475115, AUC: 0.877869, AUPR: 0.872039, F1: 0.800000, ACC: 0.805136,
Epoch: 00340, loss_train: 0.557384, AUC: 0.825988, AUPR: 0.807574, F1: 0.742740, ACC: 0.728242,
Epoch: 00340, loss_val: 0.466460, AUC: 0.881396, AUPR: 0.875162, F1: 0.800306, ACC: 0.802870,
Epoch: 00360, loss_train: 0.543336, AUC: 0.833528, AUPR: 0.818847, F1: 0.746979, ACC: 0.739098,
Epoch: 00360, loss_val: 0.461699, AUC: 0.883795, AUPR: 0.877793, F1: 0.803379, ACC: 0.806647,
Epoch: 00380, loss_train: 0.543399, AUC: 0.834244, AUPR: 0.817222, F1: 0.748542, ACC: 0.735416,
Epoch: 00380, loss_val: 0.458985, AUC: 0.885147, AUPR: 0.878921, F1: 0.803843, ACC: 0.814955,
Epoch: 00400, loss_train: 0.535346, AUC: 0.836891, AUPR: 0.823329, F1: 0.748152, ACC: 0.739570,
Epoch: 00400, loss_val: 0.461794, AUC: 0.885209, AUPR: 0.879121, F1: 0.806084, ACC: 0.807402,
Epoch: 00420, loss_train: 0.531620, AUC: 0.840218, AUPR: 0.825425, F1: 0.756971, ACC: 0.739192,
Epoch: 00420, loss_val: 0.459024, AUC: 0.886741, AUPR: 0.881002, F1: 0.805665, ACC: 0.813444,
Epoch: 00440, loss_train: 0.522882, AUC: 0.844609, AUPR: 0.832225, F1: 0.758388, ACC: 0.756655,
Epoch: 00440, loss_val: 0.460251, AUC: 0.887409, AUPR: 0.882462, F1: 0.806299, ACC: 0.814199,
Epoch: 00460, loss_train: 0.518829, AUC: 0.846937, AUPR: 0.831803, F1: 0.759681, ACC: 0.752218,
Epoch: 00460, loss_val: 0.452721, AUC: 0.889232, AUPR: 0.883554, F1: 0.810203, ACC: 0.808912,
Epoch: 00480, loss_train: 0.513518, AUC: 0.849935, AUPR: 0.832765, F1: 0.764513, ACC: 0.756466,
Epoch: 00480, loss_val: 0.452798, AUC: 0.890213, AUPR: 0.884832, F1: 0.810225, ACC: 0.814955,
Epoch: 00500, loss_train: 0.512531, AUC: 0.849640, AUPR: 0.835848, F1: 0.758935, ACC: 0.755522,
Epoch: 00500, loss_val: 0.446567, AUC: 0.892612, AUPR: 0.887420, F1: 0.817352, ACC: 0.818731,
Epoch: 00520, loss_train: 0.501428, AUC: 0.856097, AUPR: 0.840754, F1: 0.768925, ACC: 0.758543,
Epoch: 00520, loss_val: 0.443985, AUC: 0.893834, AUPR: 0.888197, F1: 0.813047, ACC: 0.822508,
Epoch: 00540, loss_train: 0.497545, AUC: 0.858276, AUPR: 0.847032, F1: 0.772489, ACC: 0.770814,
Epoch: 00540, loss_val: 0.448104, AUC: 0.893232, AUPR: 0.888051, F1: 0.813935, ACC: 0.822508,
Epoch: 00560, loss_train: 0.490802, AUC: 0.860867, AUPR: 0.848518, F1: 0.768692, ACC: 0.762885,
Epoch: 00560, loss_val: 0.439275, AUC: 0.895924, AUPR: 0.891370, F1: 0.819033, ACC: 0.824773,
Epoch: 00580, loss_train: 0.485029, AUC: 0.865411, AUPR: 0.851251, F1: 0.777517, ACC: 0.776572,
Epoch: 00580, loss_val: 0.440544, AUC: 0.896443, AUPR: 0.891645, F1: 0.814985, ACC: 0.817221,
Epoch: 00600, loss_train: 0.485507, AUC: 0.864646, AUPR: 0.850746, F1: 0.774377, ACC: 0.775911,
Epoch: 00600, loss_val: 0.441496, AUC: 0.895915, AUPR: 0.891004, F1: 0.816944, ACC: 0.817221,
Epoch: 00620, loss_train: 0.480849, AUC: 0.867690, AUPR: 0.857290, F1: 0.780081, ACC: 0.785728,
Epoch: 00620, loss_val: 0.433817, AUC: 0.899380, AUPR: 0.895369, F1: 0.821374, ACC: 0.823263,
Epoch: 00640, loss_train: 0.474486, AUC: 0.870660, AUPR: 0.857583, F1: 0.779860, ACC: 0.783746,
Epoch: 00640, loss_val: 0.438253, AUC: 0.898301, AUPR: 0.893741, F1: 0.821212, ACC: 0.821752,
Epoch: 00660, loss_train: 0.480557, AUC: 0.867509, AUPR: 0.855770, F1: 0.781294, ACC: 0.778837,
Epoch: 00660, loss_val: 0.434830, AUC: 0.900396, AUPR: 0.896673, F1: 0.823083, ACC: 0.824018,
Epoch: 00680, loss_train: 0.469065, AUC: 0.873043, AUPR: 0.862399, F1: 0.778979, ACC: 0.778082,
Epoch: 00680, loss_val: 0.427631, AUC: 0.902221, AUPR: 0.898512, F1: 0.823266, ACC: 0.820997,
Epoch: 00700, loss_train: 0.470687, AUC: 0.872362, AUPR: 0.861571, F1: 0.779288, ACC: 0.773079,
Epoch: 00700, loss_val: 0.432091, AUC: 0.901738, AUPR: 0.897471, F1: 0.822123, ACC: 0.820242,
Epoch: 00720, loss_train: 0.454690, AUC: 0.879931, AUPR: 0.870321, F1: 0.790649, ACC: 0.791203,
Epoch: 00720, loss_val: 0.426204, AUC: 0.904204, AUPR: 0.901041, F1: 0.825493, ACC: 0.826284,
Epoch: 00740, loss_train: 0.460322, AUC: 0.878652, AUPR: 0.867663, F1: 0.784187, ACC: 0.785633,
Epoch: 00740, loss_val: 0.426182, AUC: 0.904949, AUPR: 0.901407, F1: 0.824521, ACC: 0.827039,
Epoch: 00760, loss_train: 0.454760, AUC: 0.881471, AUPR: 0.869691, F1: 0.791923, ACC: 0.786011,
Epoch: 00760, loss_val: 0.425683, AUC: 0.903733, AUPR: 0.900008, F1: 0.821182, ACC: 0.824018,
Epoch: 00780, loss_train: 0.445316, AUC: 0.885097, AUPR: 0.872998, F1: 0.798168, ACC: 0.800359,
Epoch: 00780, loss_val: 0.418009, AUC: 0.906985, AUPR: 0.903966, F1: 0.825397, ACC: 0.825529,
Epoch: 00800, loss_train: 0.441035, AUC: 0.887496, AUPR: 0.876927, F1: 0.797398, ACC: 0.803002,
Epoch: 00800, loss_val: 0.421360, AUC: 0.906727, AUPR: 0.903842, F1: 0.823353, ACC: 0.821752,
Epoch: 00820, loss_train: 0.439626, AUC: 0.888814, AUPR: 0.878652, F1: 0.797304, ACC: 0.795639,
Epoch: 00820, loss_val: 0.420212, AUC: 0.907875, AUPR: 0.905131, F1: 0.826249, ACC: 0.824018,
Epoch: 00840, loss_train: 0.438245, AUC: 0.888793, AUPR: 0.879118, F1: 0.795646, ACC: 0.797999,
Epoch: 00840, loss_val: 0.416991, AUC: 0.909389, AUPR: 0.906567, F1: 0.826816, ACC: 0.836103,
Epoch: 00860, loss_train: 0.428544, AUC: 0.893580, AUPR: 0.882664, F1: 0.803660, ACC: 0.805550,
Epoch: 00860, loss_val: 0.415782, AUC: 0.909647, AUPR: 0.906205, F1: 0.822289, ACC: 0.821752,
Epoch: 00880, loss_train: 0.427208, AUC: 0.894300, AUPR: 0.885431, F1: 0.802247, ACC: 0.800642,
Epoch: 00880, loss_val: 0.412537, AUC: 0.911116, AUPR: 0.908525, F1: 0.825674, ACC: 0.833837,
Epoch: 00900, loss_train: 0.415603, AUC: 0.899235, AUPR: 0.889292, F1: 0.808397, ACC: 0.810459,
Epoch: 00900, loss_val: 0.408270, AUC: 0.913913, AUPR: 0.910863, F1: 0.831873, ACC: 0.840634,
Epoch: 00920, loss_train: 0.425240, AUC: 0.895803, AUPR: 0.885144, F1: 0.806184, ACC: 0.805928,
Epoch: 00920, loss_val: 0.412435, AUC: 0.913547, AUPR: 0.910784, F1: 0.828704, ACC: 0.832326,
Epoch: 00940, loss_train: 0.406157, AUC: 0.902963, AUPR: 0.895157, F1: 0.811457, ACC: 0.812347,
Epoch: 00940, loss_val: 0.402010, AUC: 0.915082, AUPR: 0.912882, F1: 0.833078, ACC: 0.835347,
Epoch: 00960, loss_train: 0.417532, AUC: 0.899057, AUPR: 0.889745, F1: 0.810716, ACC: 0.815934,
Epoch: 00960, loss_val: 0.398081, AUC: 0.917742, AUPR: 0.915550, F1: 0.834633, ACC: 0.839879,
Epoch: 00980, loss_train: 0.395927, AUC: 0.907740, AUPR: 0.901239, F1: 0.815693, ACC: 0.819520,
Epoch: 00980, loss_val: 0.400042, AUC: 0.916344, AUPR: 0.913792, F1: 0.834467, ACC: 0.834592,
Epoch: 01000, loss_train: 0.396665, AUC: 0.907811, AUPR: 0.899175, F1: 0.817785, ACC: 0.818954,
Epoch: 01000, loss_val: 0.402447, AUC: 0.916260, AUPR: 0.913780, F1: 0.830601, ACC: 0.836103,
Epoch: 01020, loss_train: 0.405501, AUC: 0.904875, AUPR: 0.896904, F1: 0.814921, ACC: 0.817821,
Epoch: 01020, loss_val: 0.400681, AUC: 0.918689, AUPR: 0.916462, F1: 0.832945, ACC: 0.837613,
Epoch: 01040, loss_train: 0.401122, AUC: 0.907045, AUPR: 0.897146, F1: 0.820036, ACC: 0.822635,
Epoch: 01040, loss_val: 0.405594, AUC: 0.918146, AUPR: 0.915890, F1: 0.835962, ACC: 0.842900,
Epoch: 01060, loss_train: 0.385077, AUC: 0.913155, AUPR: 0.905951, F1: 0.821831, ACC: 0.824051,
Epoch: 01060, loss_val: 0.392614, AUC: 0.921053, AUPR: 0.919514, F1: 0.839204, ACC: 0.841390,
Epoch: 01080, loss_train: 0.384128, AUC: 0.913395, AUPR: 0.907382, F1: 0.824344, ACC: 0.829998,
Epoch: 01080, loss_val: 0.394068, AUC: 0.922122, AUPR: 0.920316, F1: 0.839002, ACC: 0.839124,
Epoch: 01100, loss_train: 0.382774, AUC: 0.914697, AUPR: 0.905462, F1: 0.827665, ACC: 0.828299,
Epoch: 01100, loss_val: 0.386095, AUC: 0.923418, AUPR: 0.920747, F1: 0.839063, ACC: 0.844411,
Epoch: 01120, loss_train: 0.386522, AUC: 0.913661, AUPR: 0.904398, F1: 0.825924, ACC: 0.832924,
Epoch: 01120, loss_val: 0.388720, AUC: 0.923137, AUPR: 0.921162, F1: 0.837461, ACC: 0.841390,
Epoch: 01140, loss_train: 0.375118, AUC: 0.917544, AUPR: 0.911151, F1: 0.830238, ACC: 0.839532,
Epoch: 01140, loss_val: 0.391511, AUC: 0.923823, AUPR: 0.922861, F1: 0.838863, ACC: 0.845921,
Epoch: 01160, loss_train: 0.377304, AUC: 0.917260, AUPR: 0.910460, F1: 0.831090, ACC: 0.837738,
Epoch: 01160, loss_val: 0.382359, AUC: 0.925959, AUPR: 0.923548, F1: 0.840062, ACC: 0.844411,
Epoch: 01180, loss_train: 0.372661, AUC: 0.919641, AUPR: 0.911349, F1: 0.833647, ACC: 0.841703,
Epoch: 01180, loss_val: 0.378573, AUC: 0.926762, AUPR: 0.925112, F1: 0.842023, ACC: 0.846677,
Epoch: 01200, loss_train: 0.361796, AUC: 0.923540, AUPR: 0.916039, F1: 0.837725, ACC: 0.845384,
Epoch: 01200, loss_val: 0.379733, AUC: 0.927407, AUPR: 0.925371, F1: 0.845440, ACC: 0.848943,
Epoch: 01220, loss_train: 0.365159, AUC: 0.921894, AUPR: 0.916671, F1: 0.833582, ACC: 0.841892,
Epoch: 01220, loss_val: 0.389029, AUC: 0.924814, AUPR: 0.923205, F1: 0.841538, ACC: 0.844411,
Epoch: 01240, loss_train: 0.364170, AUC: 0.923429, AUPR: 0.915625, F1: 0.841910, ACC: 0.846894,
Epoch: 01240, loss_val: 0.374527, AUC: 0.929070, AUPR: 0.927162, F1: 0.842339, ACC: 0.839124,
Epoch: 01260, loss_train: 0.342038, AUC: 0.930829, AUPR: 0.925011, F1: 0.845876, ACC: 0.855012,
Epoch: 01260, loss_val: 0.378185, AUC: 0.928558, AUPR: 0.926186, F1: 0.843676, ACC: 0.849698,
Epoch: 01280, loss_train: 0.349620, AUC: 0.928196, AUPR: 0.922646, F1: 0.842356, ACC: 0.849915,
Epoch: 01280, loss_val: 0.379150, AUC: 0.928878, AUPR: 0.927453, F1: 0.838258, ACC: 0.842900,
Epoch: 01300, loss_train: 0.345405, AUC: 0.930594, AUPR: 0.923913, F1: 0.845810, ACC: 0.850293,
Epoch: 01300, loss_val: 0.371549, AUC: 0.931197, AUPR: 0.929577, F1: 0.845377, ACC: 0.849698,
Epoch: 01320, loss_train: 0.345018, AUC: 0.930461, AUPR: 0.924133, F1: 0.846207, ACC: 0.852464,
Epoch: 01320, loss_val: 0.378211, AUC: 0.930298, AUPR: 0.928089, F1: 0.841945, ACC: 0.842900,
Epoch: 01340, loss_train: 0.336438, AUC: 0.933484, AUPR: 0.927663, F1: 0.848807, ACC: 0.852275,
Epoch: 01340, loss_val: 0.365156, AUC: 0.933148, AUPR: 0.930537, F1: 0.846512, ACC: 0.850453,
Epoch: 01360, loss_train: 0.338015, AUC: 0.933398, AUPR: 0.927391, F1: 0.851093, ACC: 0.857938,
Epoch: 01360, loss_val: 0.375181, AUC: 0.930682, AUPR: 0.928358, F1: 0.842105, ACC: 0.848187,
Epoch: 01380, loss_train: 0.342727, AUC: 0.932217, AUPR: 0.925157, F1: 0.847428, ACC: 0.852180,
Epoch: 01380, loss_val: 0.370811, AUC: 0.932469, AUPR: 0.928699, F1: 0.843042, ACC: 0.853474,
Epoch: 01400, loss_train: 0.337674, AUC: 0.933482, AUPR: 0.927570, F1: 0.848174, ACC: 0.852086,
Epoch: 01400, loss_val: 0.370103, AUC: 0.932377, AUPR: 0.930018, F1: 0.841938, ACC: 0.849698,
Epoch: 01420, loss_train: 0.332999, AUC: 0.935149, AUPR: 0.930427, F1: 0.850630, ACC: 0.858977,
Epoch: 01420, loss_val: 0.364957, AUC: 0.933798, AUPR: 0.931369, F1: 0.849402, ACC: 0.857251,
Epoch: 01440, loss_train: 0.331640, AUC: 0.936216, AUPR: 0.929298, F1: 0.853646, ACC: 0.862281,
Epoch: 01440, loss_val: 0.371391, AUC: 0.932739, AUPR: 0.930861, F1: 0.848828, ACC: 0.858761,
Epoch: 01460, loss_train: 0.323881, AUC: 0.938650, AUPR: 0.933253, F1: 0.856224, ACC: 0.860676,
Epoch: 01460, loss_val: 0.370226, AUC: 0.935008, AUPR: 0.932932, F1: 0.849600, ACC: 0.858006,
Epoch: 01480, loss_train: 0.319869, AUC: 0.939987, AUPR: 0.934009, F1: 0.856225, ACC: 0.864829,
Epoch: 01480, loss_val: 0.364670, AUC: 0.935682, AUPR: 0.933333, F1: 0.850863, ACC: 0.856495,
Epoch: 01500, loss_train: 0.317730, AUC: 0.940906, AUPR: 0.934451, F1: 0.859112, ACC: 0.861053,
Epoch: 01500, loss_val: 0.367365, AUC: 0.936382, AUPR: 0.933560, F1: 0.851761, ACC: 0.863293,
Epoch: 01520, loss_train: 0.308669, AUC: 0.943867, AUPR: 0.939079, F1: 0.862895, ACC: 0.868227,
Epoch: 01520, loss_val: 0.365385, AUC: 0.937032, AUPR: 0.934473, F1: 0.850318, ACC: 0.858006,
Epoch: 01540, loss_train: 0.314151, AUC: 0.942352, AUPR: 0.936886, F1: 0.861551, ACC: 0.867000,
Epoch: 01540, loss_val: 0.361126, AUC: 0.937569, AUPR: 0.934998, F1: 0.848091, ACC: 0.858761,
Epoch: 01560, loss_train: 0.301674, AUC: 0.946379, AUPR: 0.941363, F1: 0.870276, ACC: 0.875590,
Epoch: 01560, loss_val: 0.364353, AUC: 0.937002, AUPR: 0.934918, F1: 0.846906, ACC: 0.858006,
Epoch: 01580, loss_train: 0.303693, AUC: 0.945882, AUPR: 0.941961, F1: 0.866547, ACC: 0.874080,
Epoch: 01580, loss_val: 0.357985, AUC: 0.939307, AUPR: 0.936352, F1: 0.853951, ACC: 0.861782,
Epoch: 01600, loss_train: 0.298069, AUC: 0.947634, AUPR: 0.942664, F1: 0.869146, ACC: 0.874457,
Epoch: 01600, loss_val: 0.350606, AUC: 0.941537, AUPR: 0.937878, F1: 0.857605, ACC: 0.867069,
Epoch: 01620, loss_train: 0.305842, AUC: 0.945509, AUPR: 0.940204, F1: 0.861191, ACC: 0.867755,
Epoch: 01620, loss_val: 0.364581, AUC: 0.937791, AUPR: 0.934915, F1: 0.852538, ACC: 0.861782,
Epoch: 01640, loss_train: 0.296175, AUC: 0.948118, AUPR: 0.943360, F1: 0.867763, ACC: 0.874740,
Epoch: 01640, loss_val: 0.365553, AUC: 0.938930, AUPR: 0.936312, F1: 0.855305, ACC: 0.864048,
Epoch: 01660, loss_train: 0.289806, AUC: 0.950313, AUPR: 0.946317, F1: 0.871688, ACC: 0.877478,
Epoch: 01660, loss_val: 0.358230, AUC: 0.940456, AUPR: 0.937646, F1: 0.852327, ACC: 0.861027,
Epoch: 01680, loss_train: 0.289217, AUC: 0.950686, AUPR: 0.946626, F1: 0.872786, ACC: 0.880687,
Epoch: 01680, loss_val: 0.356713, AUC: 0.940794, AUPR: 0.938378, F1: 0.853698, ACC: 0.862538,
Epoch: 01700, loss_train: 0.293597, AUC: 0.949647, AUPR: 0.944828, F1: 0.867115, ACC: 0.873136,
Epoch: 01700, loss_val: 0.353539, AUC: 0.942395, AUPR: 0.938865, F1: 0.856013, ACC: 0.862538,
Epoch: 01720, loss_train: 0.287337, AUC: 0.950966, AUPR: 0.947426, F1: 0.867612, ACC: 0.873136,
Epoch: 01720, loss_val: 0.356203, AUC: 0.941748, AUPR: 0.938453, F1: 0.858513, ACC: 0.866314,
Epoch: 01740, loss_train: 0.283473, AUC: 0.952588, AUPR: 0.949146, F1: 0.875394, ACC: 0.884180,
Epoch: 01740, loss_val: 0.361813, AUC: 0.941128, AUPR: 0.939108, F1: 0.855326, ACC: 0.862538,
Epoch: 01760, loss_train: 0.284501, AUC: 0.952383, AUPR: 0.949026, F1: 0.876307, ACC: 0.883897,
Epoch: 01760, loss_val: 0.372408, AUC: 0.938297, AUPR: 0.935697, F1: 0.850242, ACC: 0.859517,
Epoch: 01780, loss_train: 0.276777, AUC: 0.954421, AUPR: 0.951239, F1: 0.876948, ACC: 0.883708,
Epoch: 01780, loss_val: 0.356584, AUC: 0.943086, AUPR: 0.940114, F1: 0.860596, ACC: 0.869335,
Epoch: 01800, loss_train: 0.271339, AUC: 0.956385, AUPR: 0.953150, F1: 0.881326, ACC: 0.886445,
Epoch: 01800, loss_val: 0.359403, AUC: 0.941766, AUPR: 0.938644, F1: 0.858070, ACC: 0.867825,
Epoch: 01820, loss_train: 0.267557, AUC: 0.957443, AUPR: 0.954186, F1: 0.882482, ACC: 0.888427,
Epoch: 01820, loss_val: 0.357318, AUC: 0.942759, AUPR: 0.939488, F1: 0.865370, ACC: 0.869335,
Epoch: 01840, loss_train: 0.269147, AUC: 0.956944, AUPR: 0.954254, F1: 0.880359, ACC: 0.886728,
Epoch: 01840, loss_val: 0.348677, AUC: 0.945403, AUPR: 0.942332, F1: 0.865719, ACC: 0.871601,
Epoch: 01860, loss_train: 0.259843, AUC: 0.959652, AUPR: 0.956128, F1: 0.884113, ACC: 0.889560,
Epoch: 01860, loss_val: 0.353395, AUC: 0.944280, AUPR: 0.941439, F1: 0.858513, ACC: 0.866314,
Epoch: 01880, loss_train: 0.262509, AUC: 0.958919, AUPR: 0.956507, F1: 0.884870, ACC: 0.890032,
Epoch: 01880, loss_val: 0.360348, AUC: 0.943289, AUPR: 0.940449, F1: 0.860780, ACC: 0.867825,
Epoch: 01900, loss_train: 0.270190, AUC: 0.957195, AUPR: 0.952214, F1: 0.883404, ACC: 0.888522,
Epoch: 01900, loss_val: 0.354112, AUC: 0.944751, AUPR: 0.942209, F1: 0.860317, ACC: 0.867069,
Epoch: 01920, loss_train: 0.257757, AUC: 0.960878, AUPR: 0.956233, F1: 0.889457, ACC: 0.893808,
Epoch: 01920, loss_val: 0.356500, AUC: 0.944655, AUPR: 0.941780, F1: 0.860740, ACC: 0.866314,
Epoch: 01940, loss_train: 0.257471, AUC: 0.960600, AUPR: 0.956546, F1: 0.888420, ACC: 0.895224,
Epoch: 01940, loss_val: 0.362884, AUC: 0.943502, AUPR: 0.940437, F1: 0.864314, ACC: 0.869335,
Epoch: 01960, loss_train: 0.261562, AUC: 0.959673, AUPR: 0.955347, F1: 0.883837, ACC: 0.890032,
Epoch: 01960, loss_val: 0.351426, AUC: 0.946190, AUPR: 0.943072, F1: 0.868157, ACC: 0.870846,
Epoch: 01980, loss_train: 0.252590, AUC: 0.962134, AUPR: 0.958726, F1: 0.885581, ACC: 0.893336,
Epoch: 01980, loss_val: 0.354112, AUC: 0.945643, AUPR: 0.942766, F1: 0.865815, ACC: 0.873112,
The best results on validation set, Epoch: 01968, AUC: 0.946817, AUPR: 0.943601, F1: 0.867896, ACC: 0.870091,
test results, AUC: 0.927664, AUPR: 0.915220, F1: 0.845229, ACC: 0.854340,
Epoch: 00000, loss_train: 0.996923, AUC: 0.505097, AUPR: 0.464569, F1: 0.632089, ACC: 0.462388,
Epoch: 00000, loss_val: 0.708380, AUC: 0.521404, AUPR: 0.526893, F1: 0.681043, ACC: 0.519637,
Epoch: 00020, loss_train: 0.847636, AUC: 0.599841, AUPR: 0.548758, F1: 0.634728, ACC: 0.476829,
Epoch: 00020, loss_val: 0.744608, AUC: 0.508163, AUPR: 0.510944, F1: 0.681087, ACC: 0.521148,
Epoch: 00040, loss_train: 0.787879, AUC: 0.645169, AUPR: 0.603998, F1: 0.641579, ACC: 0.521756,
Epoch: 00040, loss_val: 0.830892, AUC: 0.520210, AUPR: 0.538722, F1: 0.679112, ACC: 0.519637,
Epoch: 00060, loss_train: 0.739635, AUC: 0.686902, AUPR: 0.651642, F1: 0.656091, ACC: 0.566210,
Epoch: 00060, loss_val: 1.138407, AUC: 0.569709, AUPR: 0.566378, F1: 0.680340, ACC: 0.517372,
Epoch: 00080, loss_train: 0.699677, AUC: 0.722860, AUPR: 0.688026, F1: 0.673058, ACC: 0.613780,
Epoch: 00080, loss_val: 0.902733, AUC: 0.639289, AUPR: 0.634126, F1: 0.702001, ACC: 0.583837,
Epoch: 00100, loss_train: 0.686196, AUC: 0.740491, AUPR: 0.709971, F1: 0.682077, ACC: 0.636527,
Epoch: 00100, loss_val: 0.641473, AUC: 0.760692, AUPR: 0.775068, F1: 0.730971, ACC: 0.690332,
Epoch: 00120, loss_train: 0.663503, AUC: 0.754419, AUPR: 0.728295, F1: 0.689338, ACC: 0.636149,
Epoch: 00120, loss_val: 0.566111, AUC: 0.814777, AUPR: 0.828572, F1: 0.760673, ACC: 0.720544,
Epoch: 00140, loss_train: 0.654641, AUC: 0.764112, AUPR: 0.736044, F1: 0.697082, ACC: 0.667862,
Epoch: 00140, loss_val: 0.558135, AUC: 0.827082, AUPR: 0.838673, F1: 0.767834, ACC: 0.729607,
Epoch: 00160, loss_train: 0.639281, AUC: 0.776867, AUPR: 0.750872, F1: 0.701532, ACC: 0.667107,
Epoch: 00160, loss_val: 0.552914, AUC: 0.832990, AUPR: 0.843655, F1: 0.773210, ACC: 0.741692,
Epoch: 00180, loss_train: 0.628965, AUC: 0.782948, AUPR: 0.759971, F1: 0.705301, ACC: 0.678905,
Epoch: 00180, loss_val: 0.555456, AUC: 0.835707, AUPR: 0.845685, F1: 0.774194, ACC: 0.756798,
Epoch: 00200, loss_train: 0.628864, AUC: 0.785481, AUPR: 0.761636, F1: 0.706511, ACC: 0.704294,
Epoch: 00200, loss_val: 0.558921, AUC: 0.838585, AUPR: 0.848193, F1: 0.776536, ACC: 0.758308,
Epoch: 00220, loss_train: 0.595843, AUC: 0.802368, AUPR: 0.779106, F1: 0.722960, ACC: 0.704578,
Epoch: 00220, loss_val: 0.551902, AUC: 0.842113, AUPR: 0.852366, F1: 0.781382, ACC: 0.765861,
Epoch: 00240, loss_train: 0.601925, AUC: 0.799883, AUPR: 0.779559, F1: 0.719219, ACC: 0.696083,
Epoch: 00240, loss_val: 0.547694, AUC: 0.844728, AUPR: 0.853844, F1: 0.784044, ACC: 0.762840,
Epoch: 00260, loss_train: 0.583035, AUC: 0.810401, AUPR: 0.790907, F1: 0.727075, ACC: 0.716281,
Epoch: 00260, loss_val: 0.547371, AUC: 0.847482, AUPR: 0.856248, F1: 0.788006, ACC: 0.770393,
Epoch: 00280, loss_train: 0.580877, AUC: 0.811328, AUPR: 0.794034, F1: 0.727791, ACC: 0.720623,
Epoch: 00280, loss_val: 0.539536, AUC: 0.851118, AUPR: 0.859255, F1: 0.789402, ACC: 0.765861,
Epoch: 00300, loss_train: 0.569815, AUC: 0.817954, AUPR: 0.799503, F1: 0.732314, ACC: 0.717508,
Epoch: 00300, loss_val: 0.537034, AUC: 0.853705, AUPR: 0.860901, F1: 0.795181, ACC: 0.768882,
Epoch: 00320, loss_train: 0.554601, AUC: 0.825879, AUPR: 0.807389, F1: 0.740064, ACC: 0.739500,
Epoch: 00320, loss_val: 0.531154, AUC: 0.856619, AUPR: 0.863369, F1: 0.795181, ACC: 0.768882,
Epoch: 00340, loss_train: 0.564477, AUC: 0.820919, AUPR: 0.801925, F1: 0.734443, ACC: 0.722888,
Epoch: 00340, loss_val: 0.534998, AUC: 0.857659, AUPR: 0.865655, F1: 0.793377, ACC: 0.764350,
Epoch: 00360, loss_train: 0.547922, AUC: 0.830342, AUPR: 0.813550, F1: 0.743898, ACC: 0.734592,
Epoch: 00360, loss_val: 1.354390, AUC: 0.638849, AUPR: 0.600555, F1: 0.699342, ACC: 0.620091,
Epoch: 00380, loss_train: 0.555762, AUC: 0.826785, AUPR: 0.805578, F1: 0.741856, ACC: 0.734497,
Epoch: 00380, loss_val: 0.526790, AUC: 0.860273, AUPR: 0.867660, F1: 0.793400, ACC: 0.782477,
Epoch: 00400, loss_train: 0.533834, AUC: 0.836845, AUPR: 0.818753, F1: 0.748136, ACC: 0.735441,
Epoch: 00400, loss_val: 0.524178, AUC: 0.861742, AUPR: 0.870366, F1: 0.798611, ACC: 0.780967,
Epoch: 00420, loss_train: 0.537152, AUC: 0.836022, AUPR: 0.817591, F1: 0.749954, ACC: 0.746107,
Epoch: 00420, loss_val: 0.524326, AUC: 0.864660, AUPR: 0.873018, F1: 0.802260, ACC: 0.788520,
Epoch: 00440, loss_train: 0.537439, AUC: 0.835949, AUPR: 0.820002, F1: 0.749530, ACC: 0.748372,
Epoch: 00440, loss_val: 0.517895, AUC: 0.866151, AUPR: 0.873310, F1: 0.799151, ACC: 0.785498,
Epoch: 00460, loss_train: 0.533148, AUC: 0.838534, AUPR: 0.820339, F1: 0.752593, ACC: 0.747806,
Epoch: 00460, loss_val: 0.510775, AUC: 0.868881, AUPR: 0.875503, F1: 0.805417, ACC: 0.793807,
Epoch: 00480, loss_train: 0.520196, AUC: 0.844210, AUPR: 0.827787, F1: 0.752628, ACC: 0.742331,
Epoch: 00480, loss_val: 0.508120, AUC: 0.869438, AUPR: 0.876962, F1: 0.801178, ACC: 0.796072,
Epoch: 00500, loss_train: 0.515031, AUC: 0.848643, AUPR: 0.831270, F1: 0.759534, ACC: 0.756583,
Epoch: 00500, loss_val: 0.510716, AUC: 0.869698, AUPR: 0.876756, F1: 0.803738, ACC: 0.793807,
Epoch: 00520, loss_train: 0.516057, AUC: 0.847271, AUPR: 0.831256, F1: 0.755087, ACC: 0.750071,
Epoch: 00520, loss_val: 0.508792, AUC: 0.872500, AUPR: 0.878282, F1: 0.805861, ACC: 0.799849,
Epoch: 00540, loss_train: 0.508697, AUC: 0.851493, AUPR: 0.836931, F1: 0.760688, ACC: 0.764889,
Epoch: 00540, loss_val: 0.510270, AUC: 0.872158, AUPR: 0.879095, F1: 0.802038, ACC: 0.794562,
Epoch: 00560, loss_train: 0.507545, AUC: 0.852236, AUPR: 0.837806, F1: 0.757229, ACC: 0.761491,
Epoch: 00560, loss_val: 0.502075, AUC: 0.874632, AUPR: 0.880676, F1: 0.804826, ACC: 0.792296,
Epoch: 00580, loss_train: 0.500033, AUC: 0.856277, AUPR: 0.843101, F1: 0.761746, ACC: 0.756866,
Epoch: 00580, loss_val: 0.502027, AUC: 0.876636, AUPR: 0.882931, F1: 0.810145, ACC: 0.802115,
Epoch: 00600, loss_train: 0.479758, AUC: 0.865193, AUPR: 0.852175, F1: 0.773442, ACC: 0.774233,
Epoch: 00600, loss_val: 0.504496, AUC: 0.876691, AUPR: 0.883336, F1: 0.806916, ACC: 0.797583,
Epoch: 00620, loss_train: 0.492077, AUC: 0.860360, AUPR: 0.845866, F1: 0.771628, ACC: 0.774516,
Epoch: 00620, loss_val: 0.499943, AUC: 0.878858, AUPR: 0.885077, F1: 0.810541, ACC: 0.799094,
Epoch: 00640, loss_train: 0.490633, AUC: 0.861020, AUPR: 0.849111, F1: 0.766634, ACC: 0.774233,
Epoch: 00640, loss_val: 0.496344, AUC: 0.880585, AUPR: 0.887113, F1: 0.809282, ACC: 0.801360,
Epoch: 00660, loss_train: 0.477841, AUC: 0.867972, AUPR: 0.852176, F1: 0.776636, ACC: 0.772251,
Epoch: 00660, loss_val: 0.500088, AUC: 0.880418, AUPR: 0.887151, F1: 0.810811, ACC: 0.804381,
Epoch: 00680, loss_train: 0.475960, AUC: 0.869086, AUPR: 0.856449, F1: 0.774914, ACC: 0.788957,
Epoch: 00680, loss_val: 0.495979, AUC: 0.883108, AUPR: 0.889126, F1: 0.817266, ACC: 0.808157,
Epoch: 00700, loss_train: 0.471321, AUC: 0.871484, AUPR: 0.860119, F1: 0.776904, ACC: 0.783011,
Epoch: 00700, loss_val: 0.497444, AUC: 0.883711, AUPR: 0.889627, F1: 0.814865, ACC: 0.793051,
Epoch: 00720, loss_train: 0.464345, AUC: 0.875137, AUPR: 0.862695, F1: 0.782221, ACC: 0.792355,
Epoch: 00720, loss_val: 0.493979, AUC: 0.884394, AUPR: 0.889906, F1: 0.817294, ACC: 0.802115,
Epoch: 00740, loss_train: 0.461761, AUC: 0.877004, AUPR: 0.863317, F1: 0.785942, ACC: 0.784993,
Epoch: 00740, loss_val: 0.491597, AUC: 0.886020, AUPR: 0.891608, F1: 0.818689, ACC: 0.803625,
Epoch: 00760, loss_train: 0.456457, AUC: 0.879022, AUPR: 0.867028, F1: 0.785328, ACC: 0.786220,
Epoch: 00760, loss_val: 0.486124, AUC: 0.888333, AUPR: 0.894360, F1: 0.818605, ACC: 0.793807,
Epoch: 00780, loss_train: 0.459506, AUC: 0.878555, AUPR: 0.863804, F1: 0.784421, ACC: 0.792072,
Epoch: 00780, loss_val: 0.486504, AUC: 0.889637, AUPR: 0.894927, F1: 0.819788, ACC: 0.807402,
Epoch: 00800, loss_train: 0.443588, AUC: 0.885490, AUPR: 0.873662, F1: 0.793356, ACC: 0.802737,
Epoch: 00800, loss_val: 0.480366, AUC: 0.890790, AUPR: 0.897079, F1: 0.820000, ACC: 0.796072,
Epoch: 00820, loss_train: 0.443543, AUC: 0.885704, AUPR: 0.874140, F1: 0.791866, ACC: 0.794243,
Epoch: 00820, loss_val: 0.476642, AUC: 0.890923, AUPR: 0.897533, F1: 0.821695, ACC: 0.801360,
Epoch: 00840, loss_train: 0.441806, AUC: 0.886857, AUPR: 0.874611, F1: 0.791973, ACC: 0.794526,
Epoch: 00840, loss_val: 0.474884, AUC: 0.893408, AUPR: 0.898601, F1: 0.822193, ACC: 0.799094,
Epoch: 00860, loss_train: 0.435937, AUC: 0.889493, AUPR: 0.877150, F1: 0.795359, ACC: 0.796885,
Epoch: 00860, loss_val: 0.477989, AUC: 0.893444, AUPR: 0.899309, F1: 0.821664, ACC: 0.796072,
Epoch: 00880, loss_train: 0.435907, AUC: 0.889868, AUPR: 0.878857, F1: 0.796576, ACC: 0.798112,
Epoch: 00880, loss_val: 0.474444, AUC: 0.895751, AUPR: 0.901489, F1: 0.824295, ACC: 0.816465,
Epoch: 00900, loss_train: 0.417392, AUC: 0.897284, AUPR: 0.887193, F1: 0.802911, ACC: 0.808306,
Epoch: 00900, loss_val: 0.473904, AUC: 0.896004, AUPR: 0.901246, F1: 0.826705, ACC: 0.815710,
Epoch: 00920, loss_train: 0.427187, AUC: 0.894001, AUPR: 0.882117, F1: 0.801135, ACC: 0.801605,
Epoch: 00920, loss_val: 0.475321, AUC: 0.897322, AUPR: 0.902470, F1: 0.825051, ACC: 0.805891,
Epoch: 00940, loss_train: 0.424810, AUC: 0.895828, AUPR: 0.885076, F1: 0.804510, ACC: 0.806890,
Epoch: 00940, loss_val: 0.472173, AUC: 0.897669, AUPR: 0.903829, F1: 0.825916, ACC: 0.799094,
Epoch: 00960, loss_train: 0.419713, AUC: 0.896915, AUPR: 0.887217, F1: 0.805197, ACC: 0.808966,
Epoch: 00960, loss_val: 0.468224, AUC: 0.899144, AUPR: 0.904515, F1: 0.829590, ACC: 0.805136,
Epoch: 00980, loss_train: 0.408747, AUC: 0.901870, AUPR: 0.893125, F1: 0.810837, ACC: 0.818782,
Epoch: 00980, loss_val: 0.471611, AUC: 0.900209, AUPR: 0.906070, F1: 0.829864, ACC: 0.820997,
Epoch: 01000, loss_train: 0.419686, AUC: 0.898351, AUPR: 0.889192, F1: 0.805286, ACC: 0.816423,
Epoch: 01000, loss_val: 0.463995, AUC: 0.901819, AUPR: 0.906836, F1: 0.831399, ACC: 0.813444,
Epoch: 01020, loss_train: 0.406620, AUC: 0.903609, AUPR: 0.892579, F1: 0.809912, ACC: 0.817555,
Epoch: 01020, loss_val: 0.460415, AUC: 0.903799, AUPR: 0.909298, F1: 0.836775, ACC: 0.814955,
Epoch: 01040, loss_train: 0.397108, AUC: 0.908085, AUPR: 0.897634, F1: 0.820543, ACC: 0.825201,
Epoch: 01040, loss_val: 0.462990, AUC: 0.902734, AUPR: 0.908213, F1: 0.833444, ACC: 0.810423,
Epoch: 01060, loss_train: 0.401763, AUC: 0.905820, AUPR: 0.895401, F1: 0.809548, ACC: 0.820009,
Epoch: 01060, loss_val: 0.458995, AUC: 0.904509, AUPR: 0.908691, F1: 0.833222, ACC: 0.811934,
Epoch: 01080, loss_train: 0.398275, AUC: 0.908418, AUPR: 0.898017, F1: 0.815351, ACC: 0.821992,
Epoch: 01080, loss_val: 0.461677, AUC: 0.904755, AUPR: 0.910381, F1: 0.832386, ACC: 0.821752,
Epoch: 01100, loss_train: 0.384192, AUC: 0.913763, AUPR: 0.901820, F1: 0.824149, ACC: 0.829825,
Epoch: 01100, loss_val: 0.459100, AUC: 0.906290, AUPR: 0.911276, F1: 0.835477, ACC: 0.816465,
Epoch: 01120, loss_train: 0.383227, AUC: 0.914023, AUPR: 0.905699, F1: 0.824761, ACC: 0.832468,
Epoch: 01120, loss_val: 0.455407, AUC: 0.907955, AUPR: 0.912911, F1: 0.840541, ACC: 0.821752,
Epoch: 01140, loss_train: 0.383239, AUC: 0.914244, AUPR: 0.904355, F1: 0.820898, ACC: 0.829165,
Epoch: 01140, loss_val: 0.456251, AUC: 0.907608, AUPR: 0.913235, F1: 0.839357, ACC: 0.818731,
Epoch: 01160, loss_train: 0.375262, AUC: 0.917344, AUPR: 0.908668, F1: 0.824479, ACC: 0.829731,
Epoch: 01160, loss_val: 0.453645, AUC: 0.909254, AUPR: 0.914119, F1: 0.836439, ACC: 0.820997,
Epoch: 01180, loss_train: 0.369406, AUC: 0.919554, AUPR: 0.910876, F1: 0.831675, ACC: 0.837093,
Epoch: 01180, loss_val: 0.452135, AUC: 0.910564, AUPR: 0.914709, F1: 0.837898, ACC: 0.834592,
Epoch: 01200, loss_train: 0.364039, AUC: 0.921838, AUPR: 0.911976, F1: 0.831555, ACC: 0.833129,
Epoch: 01200, loss_val: 0.455404, AUC: 0.909347, AUPR: 0.914810, F1: 0.837375, ACC: 0.827795,
Epoch: 01220, loss_train: 0.366723, AUC: 0.921536, AUPR: 0.911797, F1: 0.832230, ACC: 0.837282,
Epoch: 01220, loss_val: 0.450698, AUC: 0.911432, AUPR: 0.915993, F1: 0.841176, ACC: 0.836858,
Epoch: 01240, loss_train: 0.364190, AUC: 0.922417, AUPR: 0.915970, F1: 0.833550, ACC: 0.842662,
Epoch: 01240, loss_val: 0.449638, AUC: 0.911648, AUPR: 0.916340, F1: 0.838996, ACC: 0.835347,
Epoch: 01260, loss_train: 0.361787, AUC: 0.923870, AUPR: 0.914740, F1: 0.838774, ACC: 0.846626,
Epoch: 01260, loss_val: 0.447323, AUC: 0.912993, AUPR: 0.917463, F1: 0.841246, ACC: 0.838369,
Epoch: 01280, loss_train: 0.360107, AUC: 0.924511, AUPR: 0.916677, F1: 0.836374, ACC: 0.840868,
Epoch: 01280, loss_val: 0.453672, AUC: 0.913191, AUPR: 0.918026, F1: 0.842730, ACC: 0.839879,
Epoch: 01300, loss_train: 0.359708, AUC: 0.924885, AUPR: 0.916234, F1: 0.837150, ACC: 0.843605,
Epoch: 01300, loss_val: 0.452659, AUC: 0.913294, AUPR: 0.917892, F1: 0.841176, ACC: 0.836858,
Epoch: 01320, loss_train: 0.346671, AUC: 0.929119, AUPR: 0.921459, F1: 0.839738, ACC: 0.845304,
Epoch: 01320, loss_val: 0.439800, AUC: 0.915987, AUPR: 0.919822, F1: 0.845666, ACC: 0.834592,
Epoch: 01340, loss_train: 0.351092, AUC: 0.928284, AUPR: 0.920586, F1: 0.840295, ACC: 0.846626,
Epoch: 01340, loss_val: 0.443490, AUC: 0.915767, AUPR: 0.919718, F1: 0.845821, ACC: 0.838369,
Epoch: 01360, loss_train: 0.338186, AUC: 0.932644, AUPR: 0.925623, F1: 0.845118, ACC: 0.852383,
Epoch: 01360, loss_val: 0.443776, AUC: 0.915916, AUPR: 0.919781, F1: 0.848057, ACC: 0.837613,
Epoch: 01380, loss_train: 0.341486, AUC: 0.931740, AUPR: 0.923412, F1: 0.841058, ACC: 0.846248,
Epoch: 01380, loss_val: 0.442136, AUC: 0.917613, AUPR: 0.921981, F1: 0.857560, ACC: 0.852719,
Epoch: 01400, loss_train: 0.331913, AUC: 0.934845, AUPR: 0.928117, F1: 0.849547, ACC: 0.858990,
Epoch: 01400, loss_val: 0.439147, AUC: 0.918366, AUPR: 0.922572, F1: 0.855263, ACC: 0.850453,
Epoch: 01420, loss_train: 0.334498, AUC: 0.934562, AUPR: 0.927586, F1: 0.846398, ACC: 0.849269,
Epoch: 01420, loss_val: 0.432767, AUC: 0.919276, AUPR: 0.924042, F1: 0.852578, ACC: 0.846677,
Epoch: 01440, loss_train: 0.341063, AUC: 0.932556, AUPR: 0.924831, F1: 0.844250, ACC: 0.852100,
Epoch: 01440, loss_val: 0.437272, AUC: 0.919730, AUPR: 0.923881, F1: 0.855083, ACC: 0.848187,
Epoch: 01460, loss_train: 0.326082, AUC: 0.937421, AUPR: 0.930698, F1: 0.854682, ACC: 0.861444,
Epoch: 01460, loss_val: 0.426010, AUC: 0.921854, AUPR: 0.924912, F1: 0.853835, ACC: 0.847432,
Epoch: 01480, loss_train: 0.314951, AUC: 0.941075, AUPR: 0.934281, F1: 0.857819, ACC: 0.863992,
Epoch: 01480, loss_val: 0.435174, AUC: 0.920810, AUPR: 0.924181, F1: 0.859432, ACC: 0.854230,
Epoch: 01500, loss_train: 0.320456, AUC: 0.939579, AUPR: 0.932169, F1: 0.854462, ACC: 0.862388,
Epoch: 01500, loss_val: 0.428823, AUC: 0.922514, AUPR: 0.925903, F1: 0.859238, ACC: 0.854985,
Epoch: 01520, loss_train: 0.313260, AUC: 0.942050, AUPR: 0.935216, F1: 0.859439, ACC: 0.866258,
Epoch: 01520, loss_val: 0.427897, AUC: 0.922922, AUPR: 0.926398, F1: 0.858608, ACC: 0.854230,
Epoch: 01540, loss_train: 0.308978, AUC: 0.943380, AUPR: 0.938094, F1: 0.859501, ACC: 0.865031,
Epoch: 01540, loss_val: 0.428251, AUC: 0.923253, AUPR: 0.926793, F1: 0.858781, ACC: 0.851208,
Epoch: 01560, loss_train: 0.310941, AUC: 0.942898, AUPR: 0.935827, F1: 0.859579, ACC: 0.867862,
Epoch: 01560, loss_val: 0.425683, AUC: 0.924375, AUPR: 0.928076, F1: 0.858601, ACC: 0.853474,
Epoch: 01580, loss_train: 0.308691, AUC: 0.944019, AUPR: 0.937139, F1: 0.860245, ACC: 0.868806,
Epoch: 01580, loss_val: 0.429691, AUC: 0.923824, AUPR: 0.927660, F1: 0.860231, ACC: 0.853474,
Epoch: 01600, loss_train: 0.313685, AUC: 0.942430, AUPR: 0.936237, F1: 0.857786, ACC: 0.862954,
Epoch: 01600, loss_val: 0.428109, AUC: 0.925818, AUPR: 0.928759, F1: 0.858947, ACC: 0.848187,
Epoch: 01620, loss_train: 0.310633, AUC: 0.943664, AUPR: 0.936207, F1: 0.861296, ACC: 0.868523,
Epoch: 01620, loss_val: 0.425266, AUC: 0.926271, AUPR: 0.929577, F1: 0.860088, ACC: 0.856495,
Epoch: 01640, loss_train: 0.304871, AUC: 0.945434, AUPR: 0.938844, F1: 0.861410, ACC: 0.871260,
Epoch: 01640, loss_val: 0.428213, AUC: 0.925827, AUPR: 0.929347, F1: 0.857959, ACC: 0.849698,
Epoch: 01660, loss_train: 0.305278, AUC: 0.945496, AUPR: 0.939054, F1: 0.863323, ACC: 0.872959,
Epoch: 01660, loss_val: 0.421368, AUC: 0.927038, AUPR: 0.930284, F1: 0.861111, ACC: 0.856495,
Epoch: 01680, loss_train: 0.291683, AUC: 0.949542, AUPR: 0.943649, F1: 0.868304, ACC: 0.876546,
Epoch: 01680, loss_val: 0.422418, AUC: 0.927549, AUPR: 0.930830, F1: 0.859587, ACC: 0.851208,
Epoch: 01700, loss_train: 0.294075, AUC: 0.949098, AUPR: 0.943654, F1: 0.870218, ACC: 0.876074,
Epoch: 01700, loss_val: 0.419465, AUC: 0.928778, AUPR: 0.932107, F1: 0.861401, ACC: 0.859517,
Epoch: 01720, loss_train: 0.291728, AUC: 0.950033, AUPR: 0.943766, F1: 0.866759, ACC: 0.873336,
Epoch: 01720, loss_val: 0.422143, AUC: 0.928723, AUPR: 0.932063, F1: 0.861800, ACC: 0.852719,
Epoch: 01740, loss_train: 0.294900, AUC: 0.948881, AUPR: 0.942930, F1: 0.866906, ACC: 0.873903,
Epoch: 01740, loss_val: 0.421430, AUC: 0.929241, AUPR: 0.932056, F1: 0.867193, ACC: 0.860272,
Epoch: 01760, loss_train: 0.291324, AUC: 0.949932, AUPR: 0.944048, F1: 0.866539, ACC: 0.874752,
Epoch: 01760, loss_val: 0.414365, AUC: 0.931180, AUPR: 0.934214, F1: 0.865757, ACC: 0.858761,
Epoch: 01780, loss_train: 0.273501, AUC: 0.955419, AUPR: 0.950242, F1: 0.877778, ACC: 0.883719,
Epoch: 01780, loss_val: 0.414841, AUC: 0.931055, AUPR: 0.934263, F1: 0.863965, ACC: 0.858006,
Epoch: 01800, loss_train: 0.287133, AUC: 0.951782, AUPR: 0.946571, F1: 0.870883, ACC: 0.879377,
Epoch: 01800, loss_val: 0.412492, AUC: 0.931926, AUPR: 0.934153, F1: 0.865026, ACC: 0.863293,
Epoch: 01820, loss_train: 0.281150, AUC: 0.953234, AUPR: 0.948549, F1: 0.872282, ACC: 0.881925,
Epoch: 01820, loss_val: 0.406536, AUC: 0.933268, AUPR: 0.936355, F1: 0.865026, ACC: 0.863293,
Epoch: 01840, loss_train: 0.276314, AUC: 0.954913, AUPR: 0.950030, F1: 0.878211, ACC: 0.885890,
Epoch: 01840, loss_val: 0.414596, AUC: 0.931906, AUPR: 0.935187, F1: 0.863570, ACC: 0.858006,
Epoch: 01860, loss_train: 0.268236, AUC: 0.957132, AUPR: 0.953158, F1: 0.877179, ACC: 0.887588,
Epoch: 01860, loss_val: 0.414743, AUC: 0.932771, AUPR: 0.934998, F1: 0.868440, ACC: 0.861782,
Epoch: 01880, loss_train: 0.271725, AUC: 0.956374, AUPR: 0.950700, F1: 0.882001, ACC: 0.890042,
Epoch: 01880, loss_val: 0.423573, AUC: 0.932238, AUPR: 0.935063, F1: 0.861894, ACC: 0.855740,
Epoch: 01900, loss_train: 0.261368, AUC: 0.959214, AUPR: 0.954438, F1: 0.881349, ACC: 0.889759,
Epoch: 01900, loss_val: 0.409521, AUC: 0.933556, AUPR: 0.936038, F1: 0.865714, ACC: 0.858006,
Epoch: 01920, loss_train: 0.276370, AUC: 0.955191, AUPR: 0.950991, F1: 0.881181, ACC: 0.889099,
Epoch: 01920, loss_val: 0.414968, AUC: 0.934148, AUPR: 0.936827, F1: 0.865777, ACC: 0.855740,
Epoch: 01940, loss_train: 0.257850, AUC: 0.960382, AUPR: 0.956327, F1: 0.884223, ACC: 0.891741,
Epoch: 01940, loss_val: 0.416209, AUC: 0.934165, AUPR: 0.937230, F1: 0.865412, ACC: 0.859517,
Epoch: 01960, loss_train: 0.255642, AUC: 0.961103, AUPR: 0.955818, F1: 0.882253, ACC: 0.889099,
Epoch: 01960, loss_val: 0.419368, AUC: 0.933717, AUPR: 0.936265, F1: 0.866436, ACC: 0.854230,
Epoch: 01980, loss_train: 0.257137, AUC: 0.960727, AUPR: 0.955550, F1: 0.886785, ACC: 0.895045,
Epoch: 01980, loss_val: 0.407122, AUC: 0.935646, AUPR: 0.938412, F1: 0.867399, ACC: 0.863293,
The best results on validation set, Epoch: 01974, AUC: 0.936243, AUPR: 0.938911, F1: 0.868936, ACC: 0.863293,
test results, AUC: 0.943670, AUPR: 0.938019, F1: 0.862843, ACC: 0.875378,
Epoch: 00000, loss_train: 1.052190, AUC: 0.490713, AUPR: 0.457574, F1: 0.636533, ACC: 0.467202,
Epoch: 00000, loss_val: 1.023450, AUC: 0.512543, AUPR: 0.484157, F1: 0.642674, ACC: 0.475076,
Epoch: 00020, loss_train: 0.888052, AUC: 0.565743, AUPR: 0.520445, F1: 0.638927, ACC: 0.481548,
Epoch: 00020, loss_val: 0.816032, AUC: 0.541590, AUPR: 0.504521, F1: 0.642051, ACC: 0.472810,
Epoch: 00040, loss_train: 0.826698, AUC: 0.616843, AUPR: 0.576224, F1: 0.642363, ACC: 0.497216,
Epoch: 00040, loss_val: 0.698005, AUC: 0.478152, AUPR: 0.443338, F1: 0.643077, ACC: 0.474320,
Epoch: 00060, loss_train: 0.770673, AUC: 0.665579, AUPR: 0.622017, F1: 0.651747, ACC: 0.534403,
Epoch: 00060, loss_val: 0.740727, AUC: 0.482016, AUPR: 0.465735, F1: 0.643371, ACC: 0.475831,
Epoch: 00080, loss_train: 0.736085, AUC: 0.699260, AUPR: 0.662545, F1: 0.662921, ACC: 0.603587,
Epoch: 00080, loss_val: 0.828713, AUC: 0.582819, AUPR: 0.544286, F1: 0.646932, ACC: 0.504532,
Epoch: 00100, loss_train: 0.696900, AUC: 0.727737, AUPR: 0.691960, F1: 0.683065, ACC: 0.619349,
Epoch: 00100, loss_val: 0.612199, AUC: 0.732408, AUPR: 0.703201, F1: 0.693620, ACC: 0.633686,
Epoch: 00120, loss_train: 0.663465, AUC: 0.752548, AUPR: 0.725259, F1: 0.691837, ACC: 0.657952,
Epoch: 00120, loss_val: 0.547545, AUC: 0.826895, AUPR: 0.816976, F1: 0.752445, ACC: 0.751511,
Epoch: 00140, loss_train: 0.651527, AUC: 0.764257, AUPR: 0.744495, F1: 0.695540, ACC: 0.666918,
Epoch: 00140, loss_val: 0.541809, AUC: 0.836078, AUPR: 0.825863, F1: 0.756996, ACC: 0.750755,
Epoch: 00160, loss_train: 0.650419, AUC: 0.768157, AUPR: 0.743678, F1: 0.698917, ACC: 0.651062,
Epoch: 00160, loss_val: 0.533993, AUC: 0.841458, AUPR: 0.832366, F1: 0.764215, ACC: 0.765106,
Epoch: 00180, loss_train: 0.635786, AUC: 0.780337, AUPR: 0.759196, F1: 0.711203, ACC: 0.695611,
Epoch: 00180, loss_val: 0.518430, AUC: 0.849277, AUPR: 0.840989, F1: 0.771723, ACC: 0.765861,
Epoch: 00200, loss_train: 0.620035, AUC: 0.789052, AUPR: 0.772105, F1: 0.713512, ACC: 0.690609,
Epoch: 00200, loss_val: 0.516402, AUC: 0.851050, AUPR: 0.844465, F1: 0.770865, ACC: 0.771903,
Epoch: 00220, loss_train: 0.602519, AUC: 0.799900, AUPR: 0.781721, F1: 0.722712, ACC: 0.705805,
Epoch: 00220, loss_val: 0.508969, AUC: 0.855539, AUPR: 0.848917, F1: 0.773313, ACC: 0.774169,
Epoch: 00240, loss_train: 0.594150, AUC: 0.804880, AUPR: 0.788745, F1: 0.728089, ACC: 0.714205,
Epoch: 00240, loss_val: 0.504466, AUC: 0.859606, AUPR: 0.852660, F1: 0.777946, ACC: 0.777946,
Epoch: 00260, loss_train: 0.591956, AUC: 0.807612, AUPR: 0.786275, F1: 0.730813, ACC: 0.710335,
Epoch: 00260, loss_val: 0.493734, AUC: 0.863070, AUPR: 0.858464, F1: 0.774548, ACC: 0.783233,
Epoch: 00280, loss_train: 0.596321, AUC: 0.804248, AUPR: 0.787473, F1: 0.721902, ACC: 0.704106,
Epoch: 00280, loss_val: 0.495580, AUC: 0.865038, AUPR: 0.857533, F1: 0.780243, ACC: 0.768127,
Epoch: 00300, loss_train: 0.581241, AUC: 0.813192, AUPR: 0.797362, F1: 0.729578, ACC: 0.708164,
Epoch: 00300, loss_val: 0.482981, AUC: 0.871467, AUPR: 0.864019, F1: 0.788648, ACC: 0.786254,
Epoch: 00320, loss_train: 0.558512, AUC: 0.825383, AUPR: 0.807924, F1: 0.742210, ACC: 0.731383,
Epoch: 00320, loss_val: 0.479933, AUC: 0.872994, AUPR: 0.865985, F1: 0.787297, ACC: 0.782477,
Epoch: 00340, loss_train: 0.563068, AUC: 0.822419, AUPR: 0.806372, F1: 0.737882, ACC: 0.729495,
Epoch: 00340, loss_val: 0.478541, AUC: 0.874509, AUPR: 0.867561, F1: 0.788774, ACC: 0.783988,
Epoch: 00360, loss_train: 0.545064, AUC: 0.832602, AUPR: 0.816343, F1: 0.745995, ACC: 0.748561,
Epoch: 00360, loss_val: 0.476972, AUC: 0.875994, AUPR: 0.868232, F1: 0.790798, ACC: 0.780212,
Epoch: 00380, loss_train: 0.540862, AUC: 0.835194, AUPR: 0.818757, F1: 0.749775, ACC: 0.737801,
Epoch: 00380, loss_val: 0.468337, AUC: 0.878461, AUPR: 0.872597, F1: 0.793722, ACC: 0.791541,
Epoch: 00400, loss_train: 0.541706, AUC: 0.835546, AUPR: 0.816173, F1: 0.748039, ACC: 0.742237,
Epoch: 00400, loss_val: 0.464187, AUC: 0.880536, AUPR: 0.874514, F1: 0.794139, ACC: 0.787764,
Epoch: 00420, loss_train: 0.536402, AUC: 0.838572, AUPR: 0.823635, F1: 0.753832, ACC: 0.748372,
Epoch: 00420, loss_val: 0.463808, AUC: 0.881653, AUPR: 0.874811, F1: 0.795076, ACC: 0.786254,
Epoch: 00440, loss_train: 0.520847, AUC: 0.846008, AUPR: 0.829296, F1: 0.758926, ACC: 0.748277,
Epoch: 00440, loss_val: 0.464934, AUC: 0.882747, AUPR: 0.875740, F1: 0.797880, ACC: 0.798338,
Epoch: 00460, loss_train: 0.526743, AUC: 0.843308, AUPR: 0.828262, F1: 0.755474, ACC: 0.749127,
Epoch: 00460, loss_val: 0.463504, AUC: 0.883650, AUPR: 0.876110, F1: 0.795539, ACC: 0.792296,
Epoch: 00480, loss_train: 0.523356, AUC: 0.845219, AUPR: 0.829002, F1: 0.760519, ACC: 0.754507,
Epoch: 00480, loss_val: 0.459372, AUC: 0.886067, AUPR: 0.879145, F1: 0.798193, ACC: 0.797583,
Epoch: 00500, loss_train: 0.517601, AUC: 0.849015, AUPR: 0.833354, F1: 0.761561, ACC: 0.763001,
Epoch: 00500, loss_val: 0.452418, AUC: 0.887568, AUPR: 0.881558, F1: 0.798790, ACC: 0.799094,
Epoch: 00520, loss_train: 0.510265, AUC: 0.852175, AUPR: 0.838237, F1: 0.765374, ACC: 0.764134,
Epoch: 00520, loss_val: 0.448602, AUC: 0.889668, AUPR: 0.882874, F1: 0.804233, ACC: 0.804381,
Epoch: 00540, loss_train: 0.502636, AUC: 0.855895, AUPR: 0.842914, F1: 0.764165, ACC: 0.762718,
Epoch: 00540, loss_val: 0.443437, AUC: 0.891618, AUPR: 0.884078, F1: 0.804787, ACC: 0.802870,
Epoch: 00560, loss_train: 0.505341, AUC: 0.855107, AUPR: 0.843438, F1: 0.768222, ACC: 0.769797,
Epoch: 00560, loss_val: 0.438982, AUC: 0.893572, AUPR: 0.887107, F1: 0.802083, ACC: 0.799094,
Epoch: 00580, loss_train: 0.490457, AUC: 0.861755, AUPR: 0.849308, F1: 0.768857, ACC: 0.766305,
Epoch: 00580, loss_val: 0.446135, AUC: 0.893044, AUPR: 0.885899, F1: 0.807580, ACC: 0.800604,
Epoch: 00600, loss_train: 0.484293, AUC: 0.864149, AUPR: 0.855176, F1: 0.773163, ACC: 0.772157,
Epoch: 00600, loss_val: 0.438493, AUC: 0.894524, AUPR: 0.888646, F1: 0.803813, ACC: 0.813444,
Epoch: 00620, loss_train: 0.478041, AUC: 0.868413, AUPR: 0.854295, F1: 0.774529, ACC: 0.766399,
Epoch: 00620, loss_val: 0.434190, AUC: 0.896858, AUPR: 0.890731, F1: 0.810145, ACC: 0.802115,
Epoch: 00640, loss_train: 0.484757, AUC: 0.865357, AUPR: 0.854406, F1: 0.773405, ACC: 0.776121,
Epoch: 00640, loss_val: 0.439301, AUC: 0.895545, AUPR: 0.888895, F1: 0.806622, ACC: 0.805891,
Epoch: 00660, loss_train: 0.468327, AUC: 0.872184, AUPR: 0.861388, F1: 0.779233, ACC: 0.775649,
Epoch: 00660, loss_val: 0.433774, AUC: 0.898034, AUPR: 0.892129, F1: 0.806835, ACC: 0.803625,
Epoch: 00680, loss_train: 0.478940, AUC: 0.869265, AUPR: 0.858020, F1: 0.775495, ACC: 0.774139,
Epoch: 00680, loss_val: 0.426866, AUC: 0.899798, AUPR: 0.893346, F1: 0.809057, ACC: 0.808912,
Epoch: 00700, loss_train: 0.468002, AUC: 0.874817, AUPR: 0.864433, F1: 0.784623, ACC: 0.788485,
Epoch: 00700, loss_val: 0.426944, AUC: 0.900460, AUPR: 0.895269, F1: 0.809904, ACC: 0.820242,
Epoch: 00720, loss_train: 0.466373, AUC: 0.875053, AUPR: 0.861302, F1: 0.787452, ACC: 0.780651,
Epoch: 00720, loss_val: 0.427410, AUC: 0.900533, AUPR: 0.894822, F1: 0.810089, ACC: 0.806647,
Epoch: 00740, loss_train: 0.453494, AUC: 0.880791, AUPR: 0.872120, F1: 0.791810, ACC: 0.793676,
Epoch: 00740, loss_val: 0.430148, AUC: 0.900995, AUPR: 0.894582, F1: 0.812500, ACC: 0.823263,
Epoch: 00760, loss_train: 0.448799, AUC: 0.883168, AUPR: 0.873743, F1: 0.790239, ACC: 0.793110,
Epoch: 00760, loss_val: 0.429851, AUC: 0.901451, AUPR: 0.895581, F1: 0.810146, ACC: 0.813444,
Epoch: 00780, loss_train: 0.446888, AUC: 0.883493, AUPR: 0.874549, F1: 0.791754, ACC: 0.794054,
Epoch: 00780, loss_val: 0.424660, AUC: 0.903068, AUPR: 0.897391, F1: 0.817156, ACC: 0.816465,
Epoch: 00800, loss_train: 0.456886, AUC: 0.880804, AUPR: 0.867987, F1: 0.789009, ACC: 0.783294,
Epoch: 00800, loss_val: 0.425297, AUC: 0.904112, AUPR: 0.897964, F1: 0.817460, ACC: 0.826284,
Epoch: 00820, loss_train: 0.447715, AUC: 0.885009, AUPR: 0.872689, F1: 0.793792, ACC: 0.794337,
Epoch: 00820, loss_val: 0.415733, AUC: 0.907073, AUPR: 0.901470, F1: 0.821570, ACC: 0.830060,
Epoch: 00840, loss_train: 0.448939, AUC: 0.884584, AUPR: 0.872557, F1: 0.793823, ACC: 0.795847,
Epoch: 00840, loss_val: 0.416079, AUC: 0.907059, AUPR: 0.901351, F1: 0.821287, ACC: 0.830060,
Epoch: 00860, loss_train: 0.437041, AUC: 0.889890, AUPR: 0.879853, F1: 0.801947, ACC: 0.800283,
Epoch: 00860, loss_val: 0.414277, AUC: 0.908496, AUPR: 0.902422, F1: 0.821256, ACC: 0.832326,
Epoch: 00880, loss_train: 0.431551, AUC: 0.891843, AUPR: 0.882627, F1: 0.800883, ACC: 0.804247,
Epoch: 00880, loss_val: 0.415108, AUC: 0.908620, AUPR: 0.903301, F1: 0.823083, ACC: 0.824018,
Epoch: 00900, loss_train: 0.423945, AUC: 0.895094, AUPR: 0.884960, F1: 0.806199, ACC: 0.813497,
Epoch: 00900, loss_val: 0.417118, AUC: 0.908599, AUPR: 0.904126, F1: 0.823621, ACC: 0.828550,
Epoch: 00920, loss_train: 0.422501, AUC: 0.896277, AUPR: 0.886764, F1: 0.805302, ACC: 0.812836,
Epoch: 00920, loss_val: 0.414154, AUC: 0.910015, AUPR: 0.905264, F1: 0.826189, ACC: 0.831571,
Epoch: 00940, loss_train: 0.412566, AUC: 0.900460, AUPR: 0.889656, F1: 0.811041, ACC: 0.815857,
Epoch: 00940, loss_val: 0.410637, AUC: 0.911235, AUPR: 0.906478, F1: 0.828526, ACC: 0.838369,
Epoch: 00960, loss_train: 0.417085, AUC: 0.898928, AUPR: 0.888824, F1: 0.808347, ACC: 0.807551,
Epoch: 00960, loss_val: 0.405846, AUC: 0.912965, AUPR: 0.908168, F1: 0.828800, ACC: 0.838369,
Epoch: 00980, loss_train: 0.407715, AUC: 0.903224, AUPR: 0.894176, F1: 0.814674, ACC: 0.816423,
Epoch: 00980, loss_val: 0.402698, AUC: 0.914196, AUPR: 0.909489, F1: 0.831461, ACC: 0.841390,
Epoch: 01000, loss_train: 0.411098, AUC: 0.901582, AUPR: 0.891451, F1: 0.812114, ACC: 0.816140,
Epoch: 01000, loss_val: 0.407380, AUC: 0.914480, AUPR: 0.909047, F1: 0.834633, ACC: 0.839879,
Epoch: 01020, loss_train: 0.399373, AUC: 0.906152, AUPR: 0.896793, F1: 0.816377, ACC: 0.816706,
Epoch: 01020, loss_val: 0.419197, AUC: 0.910061, AUPR: 0.905307, F1: 0.827900, ACC: 0.828550,
Epoch: 01040, loss_train: 0.409767, AUC: 0.902907, AUPR: 0.894212, F1: 0.812080, ACC: 0.817933,
Epoch: 01040, loss_val: 0.407471, AUC: 0.915114, AUPR: 0.910888, F1: 0.835285, ACC: 0.840634,
Epoch: 01060, loss_train: 0.395980, AUC: 0.908250, AUPR: 0.901895, F1: 0.818313, ACC: 0.821708,
Epoch: 01060, loss_val: 0.397813, AUC: 0.917242, AUPR: 0.913345, F1: 0.834921, ACC: 0.842900,
Epoch: 01080, loss_train: 0.391264, AUC: 0.909729, AUPR: 0.903097, F1: 0.817009, ACC: 0.823313,
Epoch: 01080, loss_val: 0.401904, AUC: 0.916017, AUPR: 0.911961, F1: 0.836991, ACC: 0.842900,
Epoch: 01100, loss_train: 0.394122, AUC: 0.909866, AUPR: 0.901184, F1: 0.820824, ACC: 0.827183,
Epoch: 01100, loss_val: 0.398741, AUC: 0.917935, AUPR: 0.914345, F1: 0.838415, ACC: 0.839879,
Epoch: 01120, loss_train: 0.386976, AUC: 0.913236, AUPR: 0.904778, F1: 0.825603, ACC: 0.830014,
Epoch: 01120, loss_val: 0.402240, AUC: 0.917727, AUPR: 0.913139, F1: 0.839937, ACC: 0.847432,
Epoch: 01140, loss_train: 0.376944, AUC: 0.916740, AUPR: 0.908886, F1: 0.829298, ACC: 0.839641,
Epoch: 01140, loss_val: 0.398263, AUC: 0.918545, AUPR: 0.914571, F1: 0.839645, ACC: 0.849698,
Epoch: 01160, loss_train: 0.373311, AUC: 0.917915, AUPR: 0.911618, F1: 0.828307, ACC: 0.835583,
Epoch: 01160, loss_val: 0.395640, AUC: 0.920056, AUPR: 0.916679, F1: 0.841699, ACC: 0.845166,
Epoch: 01180, loss_train: 0.370804, AUC: 0.919305, AUPR: 0.912158, F1: 0.829105, ACC: 0.830864,
Epoch: 01180, loss_val: 0.387478, AUC: 0.923351, AUPR: 0.919148, F1: 0.845856, ACC: 0.849698,
Epoch: 01200, loss_train: 0.372476, AUC: 0.919030, AUPR: 0.912133, F1: 0.831767, ACC: 0.839453,
Epoch: 01200, loss_val: 0.398615, AUC: 0.920349, AUPR: 0.916950, F1: 0.839753, ACC: 0.842900,
Epoch: 01220, loss_train: 0.361874, AUC: 0.923132, AUPR: 0.915813, F1: 0.835744, ACC: 0.843511,
Epoch: 01220, loss_val: 0.392722, AUC: 0.922111, AUPR: 0.917959, F1: 0.845004, ACC: 0.851208,
Epoch: 01240, loss_train: 0.367414, AUC: 0.921166, AUPR: 0.914991, F1: 0.832676, ACC: 0.839924,
Epoch: 01240, loss_val: 0.390084, AUC: 0.922640, AUPR: 0.918671, F1: 0.846890, ACC: 0.854985,
Epoch: 01260, loss_train: 0.358209, AUC: 0.924285, AUPR: 0.918336, F1: 0.835679, ACC: 0.843511,
Epoch: 01260, loss_val: 0.391741, AUC: 0.923509, AUPR: 0.920145, F1: 0.845669, ACC: 0.851964,
Epoch: 01280, loss_train: 0.367721, AUC: 0.921356, AUPR: 0.914383, F1: 0.829559, ACC: 0.835205,
Epoch: 01280, loss_val: 0.399257, AUC: 0.922775, AUPR: 0.919416, F1: 0.841680, ACC: 0.851964,
Epoch: 01300, loss_train: 0.358600, AUC: 0.925316, AUPR: 0.917847, F1: 0.838922, ACC: 0.847192,
Epoch: 01300, loss_val: 0.384160, AUC: 0.925429, AUPR: 0.921966, F1: 0.851097, ACC: 0.856495,
Epoch: 01320, loss_train: 0.360938, AUC: 0.924054, AUPR: 0.916574, F1: 0.834502, ACC: 0.837376,
Epoch: 01320, loss_val: 0.392388, AUC: 0.924667, AUPR: 0.920797, F1: 0.843336, ACC: 0.848187,
Epoch: 01340, loss_train: 0.345291, AUC: 0.930081, AUPR: 0.923349, F1: 0.844457, ACC: 0.848230,
Epoch: 01340, loss_val: 0.388647, AUC: 0.925200, AUPR: 0.922270, F1: 0.847431, ACC: 0.854230,
Epoch: 01360, loss_train: 0.345910, AUC: 0.929692, AUPR: 0.924461, F1: 0.841145, ACC: 0.845493,
Epoch: 01360, loss_val: 0.386875, AUC: 0.925827, AUPR: 0.922367, F1: 0.850196, ACC: 0.855740,
Epoch: 01380, loss_train: 0.340279, AUC: 0.931706, AUPR: 0.926255, F1: 0.847236, ACC: 0.850307,
Epoch: 01380, loss_val: 0.393310, AUC: 0.925104, AUPR: 0.921496, F1: 0.846092, ACC: 0.855740,
Epoch: 01400, loss_train: 0.339127, AUC: 0.932630, AUPR: 0.925923, F1: 0.845601, ACC: 0.849929,
Epoch: 01400, loss_val: 0.383963, AUC: 0.927465, AUPR: 0.924068, F1: 0.852327, ACC: 0.861027,
Epoch: 01420, loss_train: 0.328830, AUC: 0.936228, AUPR: 0.928775, F1: 0.852947, ACC: 0.860123,
Epoch: 01420, loss_val: 0.389265, AUC: 0.926676, AUPR: 0.923541, F1: 0.846092, ACC: 0.855740,
Epoch: 01440, loss_train: 0.333065, AUC: 0.934842, AUPR: 0.930644, F1: 0.849051, ACC: 0.858141,
Epoch: 01440, loss_val: 0.391507, AUC: 0.927237, AUPR: 0.924305, F1: 0.847276, ACC: 0.849698,
Epoch: 01460, loss_train: 0.332376, AUC: 0.935245, AUPR: 0.930507, F1: 0.848831, ACC: 0.855309,
Epoch: 01460, loss_val: 0.384141, AUC: 0.928898, AUPR: 0.925722, F1: 0.849117, ACC: 0.858006,
Epoch: 01480, loss_train: 0.333404, AUC: 0.935013, AUPR: 0.929643, F1: 0.849942, ACC: 0.852761,
Epoch: 01480, loss_val: 0.392357, AUC: 0.926833, AUPR: 0.923782, F1: 0.847926, ACC: 0.850453,
Epoch: 01500, loss_train: 0.318031, AUC: 0.940390, AUPR: 0.933596, F1: 0.852557, ACC: 0.856064,
Epoch: 01500, loss_val: 0.388507, AUC: 0.928644, AUPR: 0.925306, F1: 0.848828, ACC: 0.858761,
Epoch: 01520, loss_train: 0.324573, AUC: 0.938581, AUPR: 0.932212, F1: 0.854309, ACC: 0.858613,
Epoch: 01520, loss_val: 0.394649, AUC: 0.927756, AUPR: 0.924650, F1: 0.847458, ACC: 0.850453,
Epoch: 01540, loss_train: 0.321732, AUC: 0.939785, AUPR: 0.933633, F1: 0.856474, ACC: 0.861067,
Epoch: 01540, loss_val: 0.382433, AUC: 0.931779, AUPR: 0.928237, F1: 0.852800, ACC: 0.861027,
Epoch: 01560, loss_train: 0.311256, AUC: 0.942854, AUPR: 0.938443, F1: 0.858621, ACC: 0.860689,
Epoch: 01560, loss_val: 0.379995, AUC: 0.931474, AUPR: 0.928542, F1: 0.854926, ACC: 0.858761,
Epoch: 01580, loss_train: 0.319719, AUC: 0.940525, AUPR: 0.936587, F1: 0.857400, ACC: 0.865597,
Epoch: 01580, loss_val: 0.385875, AUC: 0.930568, AUPR: 0.927186, F1: 0.849962, ACC: 0.851208,
Epoch: 01600, loss_train: 0.308668, AUC: 0.944299, AUPR: 0.938684, F1: 0.861703, ACC: 0.868334,
Epoch: 01600, loss_val: 0.386478, AUC: 0.930877, AUPR: 0.927480, F1: 0.852584, ACC: 0.853474,
Epoch: 01620, loss_train: 0.308587, AUC: 0.944184, AUPR: 0.939265, F1: 0.864838, ACC: 0.872581,
Epoch: 01620, loss_val: 0.379045, AUC: 0.932248, AUPR: 0.928686, F1: 0.858757, ACC: 0.867825,
Epoch: 01640, loss_train: 0.300197, AUC: 0.946770, AUPR: 0.942399, F1: 0.863110, ACC: 0.870694,
Epoch: 01640, loss_val: 0.375904, AUC: 0.933250, AUPR: 0.929860, F1: 0.855761, ACC: 0.864804,
Epoch: 01660, loss_train: 0.300500, AUC: 0.946660, AUPR: 0.942976, F1: 0.863275, ACC: 0.871921,
Epoch: 01660, loss_val: 0.385428, AUC: 0.931612, AUPR: 0.928713, F1: 0.853523, ACC: 0.860272,
Epoch: 01680, loss_train: 0.298499, AUC: 0.947546, AUPR: 0.943062, F1: 0.863884, ACC: 0.870411,
Epoch: 01680, loss_val: 0.384202, AUC: 0.932607, AUPR: 0.929154, F1: 0.857367, ACC: 0.862538,
Epoch: 01700, loss_train: 0.302303, AUC: 0.946728, AUPR: 0.942806, F1: 0.861961, ACC: 0.866352,
Epoch: 01700, loss_val: 0.380070, AUC: 0.934220, AUPR: 0.930642, F1: 0.857816, ACC: 0.863293,
Epoch: 01720, loss_train: 0.286317, AUC: 0.951565, AUPR: 0.946162, F1: 0.873176, ACC: 0.878622,
Epoch: 01720, loss_val: 0.385278, AUC: 0.933078, AUPR: 0.930025, F1: 0.855072, ACC: 0.864048,
Epoch: 01740, loss_train: 0.287553, AUC: 0.951402, AUPR: 0.946555, F1: 0.872167, ACC: 0.877017,
Epoch: 01740, loss_val: 0.383882, AUC: 0.933094, AUPR: 0.929855, F1: 0.860539, ACC: 0.867069,
Epoch: 01760, loss_train: 0.284480, AUC: 0.952216, AUPR: 0.948364, F1: 0.872742, ACC: 0.882303,
Epoch: 01760, loss_val: 0.387573, AUC: 0.933447, AUPR: 0.929789, F1: 0.856250, ACC: 0.861027,
Epoch: 01780, loss_train: 0.287735, AUC: 0.951459, AUPR: 0.946625, F1: 0.869565, ACC: 0.874280,
Epoch: 01780, loss_val: 0.379631, AUC: 0.935877, AUPR: 0.932591, F1: 0.859451, ACC: 0.868580,
Epoch: 01800, loss_train: 0.278824, AUC: 0.954154, AUPR: 0.950742, F1: 0.877421, ACC: 0.884096,
Epoch: 01800, loss_val: 0.378653, AUC: 0.935799, AUPR: 0.932538, F1: 0.856283, ACC: 0.855740,
Epoch: 01820, loss_train: 0.281641, AUC: 0.953116, AUPR: 0.949280, F1: 0.871580, ACC: 0.878622,
Epoch: 01820, loss_val: 0.390383, AUC: 0.934477, AUPR: 0.929702, F1: 0.860759, ACC: 0.867069,
Epoch: 01840, loss_train: 0.269615, AUC: 0.956645, AUPR: 0.952792, F1: 0.876131, ACC: 0.881076,
Epoch: 01840, loss_val: 0.384777, AUC: 0.935101, AUPR: 0.931809, F1: 0.858687, ACC: 0.861782,
Epoch: 01860, loss_train: 0.262628, AUC: 0.959068, AUPR: 0.954250, F1: 0.883598, ACC: 0.887872,
Epoch: 01860, loss_val: 0.376000, AUC: 0.937522, AUPR: 0.933924, F1: 0.862500, ACC: 0.867069,
Epoch: 01880, loss_train: 0.275089, AUC: 0.955541, AUPR: 0.951287, F1: 0.875498, ACC: 0.882020,
Epoch: 01880, loss_val: 0.378335, AUC: 0.936854, AUPR: 0.934093, F1: 0.861394, ACC: 0.866314,
Epoch: 01900, loss_train: 0.269595, AUC: 0.956975, AUPR: 0.953541, F1: 0.878908, ACC: 0.884474,
Epoch: 01900, loss_val: 0.377973, AUC: 0.936643, AUPR: 0.933684, F1: 0.864992, ACC: 0.870091,
Epoch: 01920, loss_train: 0.266880, AUC: 0.957732, AUPR: 0.954332, F1: 0.877456, ACC: 0.882869,
Epoch: 01920, loss_val: 0.382992, AUC: 0.936888, AUPR: 0.933073, F1: 0.863077, ACC: 0.865559,
Epoch: 01940, loss_train: 0.265281, AUC: 0.958270, AUPR: 0.954700, F1: 0.879423, ACC: 0.883247,
Epoch: 01940, loss_val: 0.386193, AUC: 0.936415, AUPR: 0.932806, F1: 0.862257, ACC: 0.866314,
Epoch: 01960, loss_train: 0.262957, AUC: 0.959155, AUPR: 0.955189, F1: 0.884542, ACC: 0.890798,
Epoch: 01960, loss_val: 0.388428, AUC: 0.936689, AUPR: 0.933609, F1: 0.860215, ACC: 0.862538,
Epoch: 01980, loss_train: 0.255963, AUC: 0.961225, AUPR: 0.957009, F1: 0.886155, ACC: 0.889948,
Epoch: 01980, loss_val: 0.374334, AUC: 0.939151, AUPR: 0.935193, F1: 0.866092, ACC: 0.870846,
The best results on validation set, Epoch: 01979, AUC: 0.939321, AUPR: 0.935367, F1: 0.866192, ACC: 0.872356,
test results, AUC: 0.930907, AUPR: 0.919422, F1: 0.853395, ACC: 0.856495,
Final 5-cv average results, AUC: 0.936399, AUPR: 0.927942, F1: 0.857261, ACC: 0.865167,
